#
# A fatal error has been detected by the Java Runtime Environment:
#
#  EXCEPTION_ACCESS_VIOLATION (0xc0000005) at pc=0x00007ffe2765a934, pid=11716, tid=9060
#
# JRE version: OpenJDK Runtime Environment Temurin-11.0.14.1+1 (11.0.14.1+1) (build 11.0.14.1+1)
# Java VM: OpenJDK 64-Bit Server VM Temurin-11.0.14.1+1 (11.0.14.1+1, mixed mode, tiered, compressed oops, g1 gc, windows-amd64)
# Problematic frame:
# V  [jvm.dll+0x1ea934]
#
# No core dump will be written. Minidumps are not enabled by default on client versions of Windows
#
# If you would like to submit a bug report, please visit:
#   https://github.com/adoptium/adoptium-support/issues
#

---------------  S U M M A R Y ------------

Command Line: -Dosgi.requiredJavaVersion=1.8 -Dosgi.instance.area.default=@user.home/STM32CubeIDE/workspace_1.10.0 -Declipse.buildId=Version 1.10.0 -DproductMaturityGrade=mm -XX:+UseG1GC -XX:+UseStringDeduplication -Xms256m -Xmx1024m -Djavax.net.ssl.trustStoreType=WINDOWS-ROOT 

Host: Intel(R) Core(TM) i5-8250U CPU @ 1.60GHz, 8 cores, 7G,  Windows 11 , 64 bit Build 22621 (10.0.22621.608)
Time: Fri Oct 28 13:32:41 2022 SE Asia Standard Time elapsed time: 12889.656797 seconds (0d 3h 34m 49s)

---------------  T H R E A D  ---------------

Current thread (0x000001340086f000):  GCTaskThread "GC Thread#6" [stack: 0x0000001fb7d00000,0x0000001fb7e00000] [id=9060]

Stack: [0x0000001fb7d00000,0x0000001fb7e00000],  sp=0x0000001fb7dffac0,  free space=1022k
Native frames: (J=compiled Java code, j=interpreted, Vv=VM code, C=native code)
V  [jvm.dll+0x1ea934]
V  [jvm.dll+0x1ea5fe]
V  [jvm.dll+0x2e93aa]
V  [jvm.dll+0x2e8da9]
V  [jvm.dll+0x7db580]
V  [jvm.dll+0x766724]
V  [jvm.dll+0x61d3f6]
C  [ucrtbase.dll+0x29363]
C  [KERNEL32.DLL+0x1244d]
C  [ntdll.dll+0x5df78]


siginfo: EXCEPTION_ACCESS_VIOLATION (0xc0000005), reading address 0x0000000000000060


Register to memory mapping:

RIP=0x00007ffe2765a934 jvm.dll
RAX=0x0 is NULL
RBX=0x0000001fb7dffb50 points into unknown readable memory: 0x000001346d6cf090 | 90 f0 6c 6d 34 01 00 00
RCX=0x000001346d6cf090 points into unknown readable memory: 0x0000000000000000 | 00 00 00 00 00 00 00 00
RDX=0x000001346d6cf080 points into unknown readable memory: 0x0000000000000000 | 00 00 00 00 00 00 00 00
RSP=0x0000001fb7dffac0 points into unknown readable memory: 0x000001340071c480 | 80 c4 71 00 34 01 00 00
RBP=0x0000001fb7dffc20 points into unknown readable memory: 0x000001346d69cc10 | 10 cc 69 6d 34 01 00 00
RSI=0x0000001fb60feb40 points into unknown readable memory: 0x000001346d6cba10 | 10 ba 6c 6d 34 01 00 00
RDI=0x000001346001bcf0 points into unknown readable memory: 0x00007ffe27d2e8f8 | f8 e8 d2 27 fe 7f 00 00
R8 =0x000001346d6cf090 points into unknown readable memory: 0x0000000000000000 | 00 00 00 00 00 00 00 00
R9 =0x0000013469440000 points into unknown readable memory: 0x000000000000000b | 0b 00 00 00 00 00 00 00
R10=0x000000000008717b is an unknown value
R11=0x0000000000000246 is an unknown value
R12=0x0 is NULL
R13=0x000001346d6cba10 is at entry_point+-1264 in (nmethod*)0x000001346d6cba10
R14=0x0000000000000010 is an unknown value
R15=0x0000000000000010 is an unknown value


Registers:
RAX=0x0000000000000000, RBX=0x0000001fb7dffb50, RCX=0x000001346d6cf090, RDX=0x000001346d6cf080
RSP=0x0000001fb7dffac0, RBP=0x0000001fb7dffc20, RSI=0x0000001fb60feb40, RDI=0x000001346001bcf0
R8 =0x000001346d6cf090, R9 =0x0000013469440000, R10=0x000000000008717b, R11=0x0000000000000246
R12=0x0000000000000000, R13=0x000001346d6cba10, R14=0x0000000000000010, R15=0x0000000000000010
RIP=0x00007ffe2765a934, EFLAGS=0x0000000000010206

Top of Stack: (sp=0x0000001fb7dffac0)
0x0000001fb7dffac0:   000001340071c480 00007ffe2768ebdf
0x0000001fb7dffad0:   0000013400451d20 000001346d6a0680
0x0000001fb7dffae0:   000001346d69ff10 00007ffe2765a5fe
0x0000001fb7dffaf0:   0000001fb7dffb50 000000000000000f
0x0000001fb7dffb00:   000001346d695590 0000000000000010
0x0000001fb7dffb10:   0000000000000000 00007ffe277593aa
0x0000001fb7dffb20:   00000000000003d8 0000001fb60feb20
0x0000001fb7dffb30:   0000001fb7dffc20 0000001fb60feb40
0x0000001fb7dffb40:   0000001f00000000 0000001fb60feb38
0x0000001fb7dffb50:   000001346d6cf090 000001345db1c6e0
0x0000001fb7dffb60:   0000000000000001 000001345db1c6e0
0x0000001fb7dffb70:   00007ffe00000002 0000001fb60feb20
0x0000001fb7dffb80:   000001346d6cba10 000001345db1c6e0
0x0000001fb7dffb90:   0000000000000001 000001345db1c6e0
0x0000001fb7dffba0:   00007ffe00000002 000001345db1c6e0
0x0000001fb7dffbb0:   0000000000000000 000001345db1c6e0 

Instructions: (pc=0x00007ffe2765a934)
0x00007ffe2765a834:   8b cf ff 50 10 48 89 03 48 8b c8 48 85 c0 75 05
0x00007ffe2765a844:   40 32 ff eb b7 48 8b 00 ff 50 60 84 c0 75 4a 48
0x00007ffe2765a854:   8b 07 48 8b cf 48 8b 13 ff 50 18 48 89 03 48 85
0x00007ffe2765a864:   c0 74 21 48 8b 10 48 8b c8 ff 52 60 84 c0 75 14
0x00007ffe2765a874:   48 8b 07 48 8b cf 48 8b 13 ff 50 18 48 89 03 48
0x00007ffe2765a884:   85 c0 75 df 48 8b 03 48 85 c0 40 0f 95 c7 48 85
0x00007ffe2765a894:   c0 0f 84 65 ff ff ff eb 03 40 b7 01 40 84 ff 0f
0x00007ffe2765a8a4:   85 27 ff ff ff 48 8b 5c 24 30 40 0f b6 c7 48 83
0x00007ffe2765a8b4:   c4 20 5f c3 cc cc cc cc cc cc cc cc 48 89 5c 24
0x00007ffe2765a8c4:   08 57 48 83 ec 20 8b 41 20 48 8b d9 39 41 10 0f
0x00007ffe2765a8d4:   84 8b 00 00 00 48 83 39 00 48 8b 41 08 4c 63 41
0x00007ffe2765a8e4:   10 48 8b 50 18 4a 8b 3c c2 75 2b 48 8b 07 48 8b
0x00007ffe2765a8f4:   cf ff 50 10 48 89 03 48 8b c8 48 85 c0 74 61 48
0x00007ffe2765a904:   8b 00 ff 50 60 84 c0 74 0d b0 01 48 8b 5c 24 30
0x00007ffe2765a914:   48 83 c4 20 5f c3 48 8b 07 48 8b cf 48 8b 13 ff
0x00007ffe2765a924:   50 18 48 89 03 48 8b c8 48 85 c0 74 21 48 8b 01
0x00007ffe2765a934:   ff 50 60 84 c0 75 17 48 8b 07 48 8b cf 48 8b 13
0x00007ffe2765a944:   ff 50 18 48 89 03 48 8b c8 48 85 c0 75 df 48 83
0x00007ffe2765a954:   3b 00 0f 95 c0 48 8b 5c 24 30 48 83 c4 20 5f c3
0x00007ffe2765a964:   48 8b 5c 24 30 32 c0 48 83 c4 20 5f c3 cc cc cc
0x00007ffe2765a974:   cc cc cc cc cc cc cc cc cc cc cc cc 48 89 5c 24
0x00007ffe2765a984:   08 57 48 83 ec 20 8b 41 20 48 8b d9 39 41 10 0f
0x00007ffe2765a994:   84 8b 00 00 00 48 83 39 00 48 8b 41 08 4c 63 41
0x00007ffe2765a9a4:   10 48 8b 50 18 4a 8b 3c c2 75 2b 48 8b 07 48 8b
0x00007ffe2765a9b4:   cf ff 50 10 48 89 03 48 8b c8 48 85 c0 74 61 48
0x00007ffe2765a9c4:   8b 00 ff 50 10 84 c0 74 0d b0 01 48 8b 5c 24 30
0x00007ffe2765a9d4:   48 83 c4 20 5f c3 48 8b 07 48 8b cf 48 8b 13 ff
0x00007ffe2765a9e4:   50 18 48 89 03 48 8b c8 48 85 c0 74 21 48 8b 01
0x00007ffe2765a9f4:   ff 50 10 84 c0 75 17 48 8b 07 48 8b cf 48 8b 13
0x00007ffe2765aa04:   ff 50 18 48 89 03 48 8b c8 48 85 c0 75 df 48 83
0x00007ffe2765aa14:   3b 00 0f 95 c0 48 8b 5c 24 30 48 83 c4 20 5f c3
0x00007ffe2765aa24:   48 8b 5c 24 30 32 c0 48 83 c4 20 5f c3 cc cc cc 


Stack slot to memory mapping:
stack at sp + 0 slots: 0x000001340071c480 points into unknown readable memory: 0x0000000000000002 | 02 00 00 00 00 00 00 00
stack at sp + 1 slots: 0x00007ffe2768ebdf jvm.dll
stack at sp + 2 slots: 0x0000013400451d20 points into unknown readable memory: 0x0000000000000000 | 00 00 00 00 00 00 00 00
stack at sp + 3 slots: 0x000001346d6a0680 is at entry_point+32 in (nmethod*)0x000001346d69ff10
stack at sp + 4 slots: 0x000001346d69ff10 is at entry_point+-1872 in (nmethod*)0x000001346d69ff10
stack at sp + 5 slots: 0x00007ffe2765a5fe jvm.dll
stack at sp + 6 slots: 0x0000001fb7dffb50 points into unknown readable memory: 0x000001346d6cf090 | 90 f0 6c 6d 34 01 00 00
stack at sp + 7 slots: 0x000000000000000f is an unknown value


---------------  P R O C E S S  ---------------

Threads class SMR info:
_java_thread_list=0x00000134015f1d60, length=80, elements={
0x000001346000d000, 0x000001347da87000, 0x000001347daca800, 0x000001347dadd000,
0x000001347dae0000, 0x000001347dae9800, 0x000001347daee800, 0x000001347daf8000,
0x000001347db0b800, 0x000001347dc79000, 0x000001347e1ed800, 0x00000134003e9000,
0x000001347e440800, 0x00000134003ef800, 0x000001340069e000, 0x00000134007f7800,
0x0000013401070000, 0x000001347e109800, 0x000001347e105800, 0x000001347e105000,
0x000001347e10b800, 0x000001347e108000, 0x000001347e139000, 0x000001347e141000,
0x000001347e13f800, 0x000001347e142800, 0x000001347e143800, 0x000001347e146000,
0x000001347e144000, 0x000001340966a000, 0x000001340966e000, 0x000001347e13d800,
0x000001347e13b800, 0x0000013402704800, 0x0000013402709800, 0x000001340270c000,
0x0000013409670800, 0x000001340966b800, 0x0000013409668800, 0x0000013409672000,
0x000001340270d800, 0x000001347e109000, 0x0000013405848800, 0x0000013405842800,
0x0000013405849000, 0x000001340584a000, 0x000001340584b000, 0x0000013405845000,
0x000001340584f800, 0x000001340584b800, 0x0000013405847800, 0x0000013405850800,
0x000001340584d000, 0x0000013405843800, 0x000001340584e000, 0x0000013409673000,
0x0000013402702000, 0x000001340270b000, 0x000001347e13a800, 0x000001347e137000,
0x000001347e140000, 0x0000013409667800, 0x000001340966b000, 0x0000013409669000,
0x000001340966f800, 0x000001340966d000, 0x0000013409671800, 0x0000013409673800,
0x0000013409674800, 0x000001340966f000, 0x0000013402701800, 0x0000013402708000,
0x0000013402703800, 0x0000013402708800, 0x000001340270c800, 0x0000013402710000,
0x000001340270a800, 0x000001340584c800, 0x0000013405851800, 0x000001340584f000
}

Java Threads: ( => current thread )
  0x000001346000d000 JavaThread "main" [_thread_blocked, id=13720, stack(0x0000001fb5600000,0x0000001fb5700000)]
  0x000001347da87000 JavaThread "Reference Handler" daemon [_thread_blocked, id=6760, stack(0x0000001fb6100000,0x0000001fb6200000)]
  0x000001347daca800 JavaThread "Finalizer" daemon [_thread_blocked, id=6680, stack(0x0000001fb6200000,0x0000001fb6300000)]
  0x000001347dadd000 JavaThread "Signal Dispatcher" daemon [_thread_blocked, id=1148, stack(0x0000001fb6300000,0x0000001fb6400000)]
  0x000001347dae0000 JavaThread "Attach Listener" daemon [_thread_blocked, id=7072, stack(0x0000001fb6400000,0x0000001fb6500000)]
  0x000001347dae9800 JavaThread "Service Thread" daemon [_thread_blocked, id=10248, stack(0x0000001fb6500000,0x0000001fb6600000)]
  0x000001347daee800 JavaThread "C2 CompilerThread0" daemon [_thread_blocked, id=676, stack(0x0000001fb6600000,0x0000001fb6700000)]
  0x000001347daf8000 JavaThread "C1 CompilerThread0" daemon [_thread_blocked, id=10708, stack(0x0000001fb6700000,0x0000001fb6800000)]
  0x000001347db0b800 JavaThread "Sweeper thread" daemon [_thread_blocked, id=7884, stack(0x0000001fb6800000,0x0000001fb6900000)]
  0x000001347dc79000 JavaThread "Common-Cleaner" daemon [_thread_blocked, id=8580, stack(0x0000001fb6a00000,0x0000001fb6b00000)]
  0x000001347e1ed800 JavaThread "Active Thread: Equinox Container: c92844cb-7bd7-42dd-8dab-bfab8d4104f1" [_thread_blocked, id=10204, stack(0x0000001fb7500000,0x0000001fb7600000)]
  0x00000134003e9000 JavaThread "Framework Event Dispatcher: Equinox Container: c92844cb-7bd7-42dd-8dab-bfab8d4104f1" daemon [_thread_blocked, id=11444, stack(0x0000001fb7600000,0x0000001fb7700000)]
  0x000001347e440800 JavaThread "Start Level: Equinox Container: c92844cb-7bd7-42dd-8dab-bfab8d4104f1" daemon [_thread_blocked, id=832, stack(0x0000001fb7700000,0x0000001fb7800000)]
  0x00000134003ef800 JavaThread "SCR Component Actor" daemon [_thread_blocked, id=6100, stack(0x0000001fb7800000,0x0000001fb7900000)]
  0x000001340069e000 JavaThread "Worker-JM" [_thread_blocked, id=6924, stack(0x0000001fb7a00000,0x0000001fb7b00000)]
  0x00000134007f7800 JavaThread "EMF Reference Cleaner" daemon [_thread_blocked, id=9552, stack(0x0000001fb7f00000,0x0000001fb8000000)]
  0x0000013401070000 JavaThread "Bundle File Closer" daemon [_thread_blocked, id=12460, stack(0x0000001fb8000000,0x0000001fb8100000)]
  0x000001347e109800 JavaThread "Gogo shell" [_thread_blocked, id=13924, stack(0x0000001fb8300000,0x0000001fb8400000)]
  0x000001347e105800 JavaThread "Java2D Disposer" daemon [_thread_blocked, id=8140, stack(0x0000001fb8900000,0x0000001fb8a00000)]
  0x000001347e105000 JavaThread "AWT-Windows" daemon [_thread_in_native, id=1908, stack(0x0000001fb8b00000,0x0000001fb8c00000)]
  0x000001347e10b800 JavaThread "Git Repository Closer" daemon [_thread_blocked, id=11208, stack(0x0000001fb8c00000,0x0000001fb8d00000)]
  0x000001347e108000 JavaThread "EventAdmin Async Event Dispatcher Thread" daemon [_thread_blocked, id=8148, stack(0x0000001fb7900000,0x0000001fb7a00000)]
  0x000001347e139000 JavaThread "pool-5-thread-1" [_thread_blocked, id=11484, stack(0x0000001fb9700000,0x0000001fb9800000)]
  0x000001347e141000 JavaThread "pool-6-thread-1" [_thread_blocked, id=10536, stack(0x0000001fb9a00000,0x0000001fb9b00000)]
  0x000001347e13f800 JavaThread "RMI TCP Accept-41337" daemon [_thread_in_native, id=5552, stack(0x0000001fb9900000,0x0000001fb9a00000)]
  0x000001347e142800 JavaThread "RMI Reaper" [_thread_blocked, id=12472, stack(0x0000001fb9d00000,0x0000001fb9e00000)]
  0x000001347e143800 JavaThread "RMI GC Daemon" daemon [_thread_blocked, id=2528, stack(0x0000001fb9e00000,0x0000001fb9f00000)]
  0x000001347e146000 JavaThread "Serial Ports Filter" daemon [_thread_blocked, id=5540, stack(0x0000001fba300000,0x0000001fba400000)]
  0x000001347e144000 JavaThread "org.eclipse.cdt.internal.ui.text.CReconciler" daemon [_thread_blocked, id=11796, stack(0x0000001fb9800000,0x0000001fb9900000)]
  0x000001340966a000 JavaThread "org.eclipse.cdt.internal.ui.text.CReconciler" daemon [_thread_blocked, id=14016, stack(0x0000001fb7b00000,0x0000001fb7c00000)]
  0x000001340966e000 JavaThread "pool-7-thread-1" [_thread_blocked, id=7892, stack(0x0000001fb6b00000,0x0000001fb6c00000)]
  0x000001347e13d800 JavaThread "Timer-3" [_thread_blocked, id=6128, stack(0x0000001fb7c00000,0x0000001fb7d00000)]
  0x000001347e13b800 JavaThread "Timer-4" [_thread_blocked, id=9984, stack(0x0000001fb8600000,0x0000001fb8700000)]
  0x0000013402704800 JavaThread "Thread-62" [_thread_blocked, id=2004, stack(0x0000001fbbc00000,0x0000001fbbd00000)]
  0x0000013402709800 JavaThread "org.eclipse.jface.text.reconciler.MonoReconciler" daemon [_thread_blocked, id=6648, stack(0x0000001fb6c00000,0x0000001fb6d00000)]
  0x000001340270c000 JavaThread "org.eclipse.cdt.internal.ui.text.CReconciler" daemon [_thread_blocked, id=7452, stack(0x0000001fbc000000,0x0000001fbc100000)]
  0x0000013409670800 JavaThread "org.eclipse.cdt.internal.ui.text.CReconciler" daemon [_thread_blocked, id=12608, stack(0x0000001fbbe00000,0x0000001fbbf00000)]
  0x000001340966b800 JavaThread "org.eclipse.cdt.internal.ui.text.CReconciler" daemon [_thread_blocked, id=8864, stack(0x0000001fb5800000,0x0000001fb5900000)]
  0x0000013409668800 JavaThread "org.eclipse.cdt.internal.ui.text.CReconciler" daemon [_thread_blocked, id=10620, stack(0x0000001fb8400000,0x0000001fb8500000)]
  0x0000013409672000 JavaThread "org.eclipse.cdt.internal.ui.text.CReconciler" daemon [_thread_blocked, id=5728, stack(0x0000001fba900000,0x0000001fbaa00000)]
  0x000001340270d800 JavaThread "ForkJoinPool.commonPool-worker-5" daemon [_thread_blocked, id=2784, stack(0x0000001fb9000000,0x0000001fb9100000)]
  0x000001347e109000 JavaThread "Worker-122" [_thread_blocked, id=6420, stack(0x0000001fb9500000,0x0000001fb9600000)]
  0x0000013405848800 JavaThread "Worker-133" [_thread_blocked, id=10300, stack(0x0000001fb8200000,0x0000001fb8300000)]
  0x0000013405842800 JavaThread "Worker-135" [_thread_blocked, id=8172, stack(0x0000001fb5900000,0x0000001fb5a00000)]
  0x0000013405849000 JavaThread "Worker-136: GDB CLI output Job" [_thread_blocked, id=4896, stack(0x0000001fb5700000,0x0000001fb5800000)]
  0x000001340584a000 JavaThread "Worker-137: Traces Input Job" [_thread_blocked, id=15052, stack(0x0000001fb8a00000,0x0000001fb8b00000)]
  0x000001340584b000 JavaThread "Worker-138: GDB process monitor job." [_thread_blocked, id=444, stack(0x0000001fb8d00000,0x0000001fb8e00000)]
  0x0000013405845000 JavaThread "Worker-139: GDB CLI Input Job" [_thread_blocked, id=14532, stack(0x0000001fb9100000,0x0000001fb9200000)]
  0x000001340584f800 JavaThread "Worker-140" [_thread_blocked, id=14356, stack(0x0000001fb9200000,0x0000001fb9300000)]
  0x000001340584b800 JavaThread "ForkJoinPool.commonPool-worker-1" daemon [_thread_blocked, id=12348, stack(0x0000001fb8f00000,0x0000001fb9000000)]
  0x0000013405847800 JavaThread "ForkJoinPool.commonPool-worker-3" daemon [_thread_blocked, id=11316, stack(0x0000001fb9600000,0x0000001fb9700000)]
  0x0000013405850800 JavaThread "ForkJoinPool.commonPool-worker-7" daemon [_thread_blocked, id=14628, stack(0x0000001fb9c00000,0x0000001fb9d00000)]
  0x000001340584d000 JavaThread "ForkJoinPool.commonPool-worker-9" daemon [_thread_blocked, id=9808, stack(0x0000001fb9f00000,0x0000001fba000000)]
  0x0000013405843800 JavaThread "Thread-1291" [_thread_in_native, id=10572, stack(0x0000001fb8e00000,0x0000001fb8f00000)]
  0x000001340584e000 JavaThread "Thread-1292" [_thread_in_native, id=1132, stack(0x0000001fba200000,0x0000001fba300000)]
  0x0000013409673000 JavaThread "Worker-141" [_thread_blocked, id=10852, stack(0x0000001fbae00000,0x0000001fbaf00000)]
  0x0000013402702000 JavaThread "Worker-142: Launching F1_Sine_Timer1_BCT" [_thread_blocked, id=7712, stack(0x0000001fbb500000,0x0000001fbb600000)]
  0x000001340270b000 JavaThread "Worker-143" [_thread_blocked, id=10260, stack(0x0000001fbb700000,0x0000001fbb800000)]
  0x000001347e13a800 JavaThread "Worker-144: GDB CLI error output Job" [_thread_blocked, id=7876, stack(0x0000001fba500000,0x0000001fba600000)]
  0x000001347e137000 JavaThread "Worker-145: GDB process monitor job." [_thread_blocked, id=10700, stack(0x0000001fbc100000,0x0000001fbc200000)]
  0x000001347e140000 JavaThread "Worker-146: Process Console Input Job" [_thread_blocked, id=1104, stack(0x0000001fba600000,0x0000001fba700000)]
  0x0000013409667800 JavaThread "Thread-1313" daemon [_thread_in_native, id=10332, stack(0x0000001fba400000,0x0000001fba500000)]
  0x000001340966b000 JavaThread "org.eclipse.cdt.dsf.gdb - 47" [_thread_blocked, id=1288, stack(0x0000001fba700000,0x0000001fba800000)]
  0x0000013409669000 JavaThread "Thread-1314" daemon [_thread_blocked, id=10520, stack(0x0000001fb9400000,0x0000001fb9500000)]
  0x000001340966f800 JavaThread "Spawner Reaper" daemon [_thread_in_native, id=672, stack(0x0000001fba800000,0x0000001fba900000)]
  0x000001340966d000 JavaThread "MI TX Thread" [_thread_blocked, id=4756, stack(0x0000001fbab00000,0x0000001fbac00000)]
  0x0000013409671800 JavaThread "MI RX Thread" [_thread_in_native, id=5388, stack(0x0000001fbac00000,0x0000001fbad00000)]
  0x0000013409673800 JavaThread "MI Error Thread" [_thread_in_native, id=11584, stack(0x0000001fbad00000,0x0000001fbae00000)]
  0x0000013409674800 JavaThread "GDB Command Timer Thread" [_thread_blocked, id=13192, stack(0x0000001fbaf00000,0x0000001fbb000000)]
  0x000001340966f000 JavaThread "Spawner Reaper" daemon [_thread_in_native, id=9800, stack(0x0000001fbb000000,0x0000001fbb100000)]
  0x0000013402701800 JavaThread "MI TX Thread" [_thread_blocked, id=15136, stack(0x0000001fbb200000,0x0000001fbb300000)]
  0x0000013402708000 JavaThread "MI RX Thread" [_thread_in_native, id=12520, stack(0x0000001fbb300000,0x0000001fbb400000)]
  0x0000013402703800 JavaThread "MI Error Thread" [_thread_in_native, id=15088, stack(0x0000001fbb400000,0x0000001fbb500000)]
  0x0000013402708800 JavaThread "GDB Command Timer Thread" [_thread_blocked, id=13568, stack(0x0000001fbb600000,0x0000001fbb700000)]
  0x000001340270c800 JavaThread "Process monitor" daemon [_thread_blocked, id=13808, stack(0x0000001fbb800000,0x0000001fbb900000)]
  0x0000013402710000 JavaThread "Spawner Reaper" daemon [_thread_in_native, id=2628, stack(0x0000001fbb900000,0x0000001fbba00000)]
  0x000001340270a800 JavaThread "Output Stream Monitor" daemon [_thread_blocked, id=10580, stack(0x0000001fbbd00000,0x0000001fbbe00000)]
  0x000001340584c800 JavaThread "Output Stream Monitor" daemon [_thread_in_native, id=6956, stack(0x0000001fbbf00000,0x0000001fbc000000)]
  0x0000013405851800 JavaThread "Input Stream Monitor" daemon [_thread_blocked, id=13156, stack(0x0000001fbc200000,0x0000001fbc300000)]
  0x000001340584f000 JavaThread "Process monitor" daemon [_thread_blocked, id=6280, stack(0x0000001fbc300000,0x0000001fbc400000)]

Other Threads:
  0x000001347da73800 VMThread "VM Thread" [stack: 0x0000001fb6000000,0x0000001fb6100000] [id=5772]
  0x000001347dc74800 WatcherThread [stack: 0x0000001fb6900000,0x0000001fb6a00000] [id=8648]
  0x0000013460026800 GCTaskThread "GC Thread#0" [stack: 0x0000001fb5a00000,0x0000001fb5b00000] [id=6788]
  0x000001347e31a000 GCTaskThread "GC Thread#1" [stack: 0x0000001fb6d00000,0x0000001fb6e00000] [id=13212]
  0x000001347e1a1000 GCTaskThread "GC Thread#2" [stack: 0x0000001fb6e00000,0x0000001fb6f00000] [id=12832]
  0x000001347e56f800 GCTaskThread "GC Thread#3" [stack: 0x0000001fb6f00000,0x0000001fb7000000] [id=10656]
  0x000001347e6ae000 GCTaskThread "GC Thread#4" [stack: 0x0000001fb7000000,0x0000001fb7100000] [id=1176]
  0x0000013400545000 GCTaskThread "GC Thread#5" [stack: 0x0000001fb7100000,0x0000001fb7200000] [id=11612]
=>0x000001340086f000 GCTaskThread "GC Thread#6" [stack: 0x0000001fb7d00000,0x0000001fb7e00000] [id=9060]
  0x0000013400527800 GCTaskThread "GC Thread#7" [stack: 0x0000001fb7e00000,0x0000001fb7f00000] [id=6416]
  0x0000013460042000 ConcurrentGCThread "G1 Main Marker" [stack: 0x0000001fb5b00000,0x0000001fb5c00000] [id=1208]
  0x0000013460044000 ConcurrentGCThread "G1 Conc#0" [stack: 0x0000001fb5c00000,0x0000001fb5d00000] [id=9064]
  0x0000013400322800 ConcurrentGCThread "G1 Conc#1" [stack: 0x0000001fb8100000,0x0000001fb8200000] [id=12892]
  0x000001347d0c5000 ConcurrentGCThread "G1 Refine#0" [stack: 0x0000001fb5d00000,0x0000001fb5e00000] [id=996]
  0x000001347e6e0800 ConcurrentGCThread "G1 Refine#1" [stack: 0x0000001fb7200000,0x0000001fb7300000] [id=5460]
  0x000001347e1f9800 ConcurrentGCThread "G1 Refine#2" [stack: 0x0000001fb7300000,0x0000001fb7400000] [id=11848]
  0x000001347dd70800 ConcurrentGCThread "G1 Refine#3" [stack: 0x0000001fb7400000,0x0000001fb7500000] [id=308]
  0x0000013404103000 ConcurrentGCThread "G1 Refine#4" [stack: 0x0000001fba000000,0x0000001fba100000] [id=3400]
  0x0000013404105000 ConcurrentGCThread "G1 Refine#5" [stack: 0x0000001fba100000,0x0000001fba200000] [id=12056]
  0x000001347d0c8000 ConcurrentGCThread "G1 Young RemSet Sampling" [stack: 0x0000001fb5e00000,0x0000001fb5f00000] [id=7964]
  0x000001347d0cd000 ConcurrentGCThread "StrDedup" [stack: 0x0000001fb5f00000,0x0000001fb6000000] [id=3376]

Threads with active compile tasks:

VM state:at safepoint (normal execution)

VM Mutex/Monitor currently owned by a thread:  ([mutex/lock_event])
[0x0000013460009600] Threads_lock - owner thread: 0x000001347da73800
[0x000001346000c270] Heap_lock - owner thread: 0x0000013460042000

Heap address: 0x00000000c0000000, size: 1024 MB, Compressed Oops mode: 32-bit
Narrow klass base: 0x0000000000000000, Narrow klass shift: 3
Compressed class space size: 1073741824 Address: 0x0000000100000000

Heap:
 garbage-first heap   total 262144K, used 209395K [0x00000000c0000000, 0x0000000100000000)
  region size 1024K, 4 young (4096K), 1 survivors (1024K)
 Metaspace       used 151052K, capacity 163463K, committed 163624K, reserved 1191936K
  class space    used 16601K, capacity 20583K, committed 20680K, reserved 1048576K
Heap Regions: E=young(eden), S=young(survivor), O=old, HS=humongous(starts), HC=humongous(continues), CS=collection set, F=free, A=archive, TAMS=top-at-mark-start (previous, next)
|   0|0x00000000c0000000, 0x00000000c0100000, 0x00000000c0100000|100%| O|  |TAMS 0x00000000c0100000, 0x00000000c0100000| Untracked 
|   1|0x00000000c0100000, 0x00000000c0200000, 0x00000000c0200000|100%| O|  |TAMS 0x00000000c0200000, 0x00000000c0200000| Untracked 
|   2|0x00000000c0200000, 0x00000000c0300000, 0x00000000c0300000|100%| O|  |TAMS 0x00000000c0300000, 0x00000000c0300000| Untracked 
|   3|0x00000000c0300000, 0x00000000c0400000, 0x00000000c0400000|100%| O|  |TAMS 0x00000000c0400000, 0x00000000c0400000| Untracked 
|   4|0x00000000c0400000, 0x00000000c0500000, 0x00000000c0500000|100%| O|  |TAMS 0x00000000c0500000, 0x00000000c0500000| Untracked 
|   5|0x00000000c0500000, 0x00000000c0600000, 0x00000000c0600000|100%| O|  |TAMS 0x00000000c0600000, 0x00000000c0600000| Untracked 
|   6|0x00000000c0600000, 0x00000000c0700000, 0x00000000c0700000|100%| O|  |TAMS 0x00000000c0700000, 0x00000000c0700000| Untracked 
|   7|0x00000000c0700000, 0x00000000c0800000, 0x00000000c0800000|100%| O|  |TAMS 0x00000000c0800000, 0x00000000c0800000| Untracked 
|   8|0x00000000c0800000, 0x00000000c0900000, 0x00000000c0900000|100%| O|  |TAMS 0x00000000c0900000, 0x00000000c0900000| Untracked 
|   9|0x00000000c0900000, 0x00000000c0a00000, 0x00000000c0a00000|100%| O|  |TAMS 0x00000000c0a00000, 0x00000000c0a00000| Untracked 
|  10|0x00000000c0a00000, 0x00000000c0b00000, 0x00000000c0b00000|100%| O|  |TAMS 0x00000000c0b00000, 0x00000000c0b00000| Untracked 
|  11|0x00000000c0b00000, 0x00000000c0c00000, 0x00000000c0c00000|100%| O|  |TAMS 0x00000000c0c00000, 0x00000000c0c00000| Untracked 
|  12|0x00000000c0c00000, 0x00000000c0d00000, 0x00000000c0d00000|100%| O|  |TAMS 0x00000000c0d00000, 0x00000000c0d00000| Untracked 
|  13|0x00000000c0d00000, 0x00000000c0e00000, 0x00000000c0e00000|100%| O|  |TAMS 0x00000000c0e00000, 0x00000000c0e00000| Untracked 
|  14|0x00000000c0e00000, 0x00000000c0f00000, 0x00000000c0f00000|100%|HS|  |TAMS 0x00000000c0f00000, 0x00000000c0f00000| Complete 
|  15|0x00000000c0f00000, 0x00000000c1000000, 0x00000000c1000000|100%| O|  |TAMS 0x00000000c1000000, 0x00000000c1000000| Untracked 
|  16|0x00000000c1000000, 0x00000000c1100000, 0x00000000c1100000|100%| O|  |TAMS 0x00000000c1100000, 0x00000000c1100000| Untracked 
|  17|0x00000000c1100000, 0x00000000c1200000, 0x00000000c1200000|100%| O|  |TAMS 0x00000000c1200000, 0x00000000c1200000| Untracked 
|  18|0x00000000c1200000, 0x00000000c1300000, 0x00000000c1300000|100%| O|  |TAMS 0x00000000c1300000, 0x00000000c1300000| Untracked 
|  19|0x00000000c1300000, 0x00000000c1400000, 0x00000000c1400000|100%| O|  |TAMS 0x00000000c1400000, 0x00000000c1400000| Untracked 
|  20|0x00000000c1400000, 0x00000000c1500000, 0x00000000c1500000|100%| O|  |TAMS 0x00000000c1400000, 0x00000000c1500000| Untracked 
|  21|0x00000000c1500000, 0x00000000c1600000, 0x00000000c1600000|100%| O|  |TAMS 0x00000000c1600000, 0x00000000c1600000| Untracked 
|  22|0x00000000c1600000, 0x00000000c1700000, 0x00000000c1700000|100%| O|  |TAMS 0x00000000c1700000, 0x00000000c1700000| Untracked 
|  23|0x00000000c1700000, 0x00000000c1800000, 0x00000000c1800000|100%| O|  |TAMS 0x00000000c1700000, 0x00000000c1800000| Untracked 
|  24|0x00000000c1800000, 0x00000000c1900000, 0x00000000c1900000|100%| O|  |TAMS 0x00000000c1900000, 0x00000000c1900000| Untracked 
|  25|0x00000000c1900000, 0x00000000c1a00000, 0x00000000c1a00000|100%| O|  |TAMS 0x00000000c1a00000, 0x00000000c1a00000| Untracked 
|  26|0x00000000c1a00000, 0x00000000c1b00000, 0x00000000c1b00000|100%| O|  |TAMS 0x00000000c1b00000, 0x00000000c1b00000| Untracked 
|  27|0x00000000c1b00000, 0x00000000c1c00000, 0x00000000c1c00000|100%| O|  |TAMS 0x00000000c1c00000, 0x00000000c1c00000| Untracked 
|  28|0x00000000c1c00000, 0x00000000c1d00000, 0x00000000c1d00000|100%| O|  |TAMS 0x00000000c1d00000, 0x00000000c1d00000| Untracked 
|  29|0x00000000c1d00000, 0x00000000c1e00000, 0x00000000c1e00000|100%| O|  |TAMS 0x00000000c1e00000, 0x00000000c1e00000| Untracked 
|  30|0x00000000c1e00000, 0x00000000c1f00000, 0x00000000c1f00000|100%| O|  |TAMS 0x00000000c1e00000, 0x00000000c1f00000| Untracked 
|  31|0x00000000c1f00000, 0x00000000c2000000, 0x00000000c2000000|100%| O|  |TAMS 0x00000000c2000000, 0x00000000c2000000| Untracked 
|  32|0x00000000c2000000, 0x00000000c2100000, 0x00000000c2100000|100%| O|  |TAMS 0x00000000c2100000, 0x00000000c2100000| Untracked 
|  33|0x00000000c2100000, 0x00000000c2200000, 0x00000000c2200000|100%| O|  |TAMS 0x00000000c2200000, 0x00000000c2200000| Untracked 
|  34|0x00000000c2200000, 0x00000000c2300000, 0x00000000c2300000|100%| O|  |TAMS 0x00000000c2300000, 0x00000000c2300000| Untracked 
|  35|0x00000000c2300000, 0x00000000c2400000, 0x00000000c2400000|100%| O|  |TAMS 0x00000000c2400000, 0x00000000c2400000| Untracked 
|  36|0x00000000c2400000, 0x00000000c2500000, 0x00000000c2500000|100%| O|  |TAMS 0x00000000c2500000, 0x00000000c2500000| Untracked 
|  37|0x00000000c2500000, 0x00000000c2600000, 0x00000000c2600000|100%| O|  |TAMS 0x00000000c2600000, 0x00000000c2600000| Untracked 
|  38|0x00000000c2600000, 0x00000000c2700000, 0x00000000c2700000|100%| O|  |TAMS 0x00000000c2700000, 0x00000000c2700000| Untracked 
|  39|0x00000000c2700000, 0x00000000c2800000, 0x00000000c2800000|100%| O|  |TAMS 0x00000000c2800000, 0x00000000c2800000| Untracked 
|  40|0x00000000c2800000, 0x00000000c2900000, 0x00000000c2900000|100%| O|  |TAMS 0x00000000c2900000, 0x00000000c2900000| Untracked 
|  41|0x00000000c2900000, 0x00000000c2a00000, 0x00000000c2a00000|100%| O|  |TAMS 0x00000000c2a00000, 0x00000000c2a00000| Untracked 
|  42|0x00000000c2a00000, 0x00000000c2b00000, 0x00000000c2b00000|100%| O|  |TAMS 0x00000000c2a00000, 0x00000000c2b00000| Untracked 
|  43|0x00000000c2b00000, 0x00000000c2c00000, 0x00000000c2c00000|100%| O|  |TAMS 0x00000000c2c00000, 0x00000000c2c00000| Untracked 
|  44|0x00000000c2c00000, 0x00000000c2d00000, 0x00000000c2d00000|100%| O|  |TAMS 0x00000000c2d00000, 0x00000000c2d00000| Untracked 
|  45|0x00000000c2d00000, 0x00000000c2e00000, 0x00000000c2e00000|100%| O|  |TAMS 0x00000000c2e00000, 0x00000000c2e00000| Untracked 
|  46|0x00000000c2e00000, 0x00000000c2f00000, 0x00000000c2f00000|100%| O|  |TAMS 0x00000000c2f00000, 0x00000000c2f00000| Untracked 
|  47|0x00000000c2f00000, 0x00000000c3000000, 0x00000000c3000000|100%| O|  |TAMS 0x00000000c3000000, 0x00000000c3000000| Untracked 
|  48|0x00000000c3000000, 0x00000000c3100000, 0x00000000c3100000|100%| O|  |TAMS 0x00000000c3100000, 0x00000000c3100000| Untracked 
|  49|0x00000000c3100000, 0x00000000c3200000, 0x00000000c3200000|100%| O|  |TAMS 0x00000000c3200000, 0x00000000c3200000| Untracked 
|  50|0x00000000c3200000, 0x00000000c3300000, 0x00000000c3300000|100%| O|  |TAMS 0x00000000c3300000, 0x00000000c3300000| Untracked 
|  51|0x00000000c3300000, 0x00000000c3400000, 0x00000000c3400000|100%| O|  |TAMS 0x00000000c3400000, 0x00000000c3400000| Untracked 
|  52|0x00000000c3400000, 0x00000000c3500000, 0x00000000c3500000|100%| O|  |TAMS 0x00000000c3400000, 0x00000000c3500000| Untracked 
|  53|0x00000000c3500000, 0x00000000c3600000, 0x00000000c3600000|100%| O|  |TAMS 0x00000000c3500000, 0x00000000c3600000| Untracked 
|  54|0x00000000c3600000, 0x00000000c3700000, 0x00000000c3700000|100%| O|  |TAMS 0x00000000c3700000, 0x00000000c3700000| Untracked 
|  55|0x00000000c3700000, 0x00000000c3800000, 0x00000000c3800000|100%| O|  |TAMS 0x00000000c3800000, 0x00000000c3800000| Untracked 
|  56|0x00000000c3800000, 0x00000000c3900000, 0x00000000c3900000|100%| O|  |TAMS 0x00000000c3900000, 0x00000000c3900000| Untracked 
|  57|0x00000000c3900000, 0x00000000c3a00000, 0x00000000c3a00000|100%| O|  |TAMS 0x00000000c3a00000, 0x00000000c3a00000| Untracked 
|  58|0x00000000c3a00000, 0x00000000c3b00000, 0x00000000c3b00000|100%| O|  |TAMS 0x00000000c3b00000, 0x00000000c3b00000| Untracked 
|  59|0x00000000c3b00000, 0x00000000c3c00000, 0x00000000c3c00000|100%| O|  |TAMS 0x00000000c3c00000, 0x00000000c3c00000| Untracked 
|  60|0x00000000c3c00000, 0x00000000c3d00000, 0x00000000c3d00000|100%| O|  |TAMS 0x00000000c3d00000, 0x00000000c3d00000| Untracked 
|  61|0x00000000c3d00000, 0x00000000c3e00000, 0x00000000c3e00000|100%| O|  |TAMS 0x00000000c3e00000, 0x00000000c3e00000| Untracked 
|  62|0x00000000c3e00000, 0x00000000c3f00000, 0x00000000c3f00000|100%| O|  |TAMS 0x00000000c3f00000, 0x00000000c3f00000| Untracked 
|  63|0x00000000c3f00000, 0x00000000c4000000, 0x00000000c4000000|100%| O|  |TAMS 0x00000000c4000000, 0x00000000c4000000| Untracked 
|  64|0x00000000c4000000, 0x00000000c4100000, 0x00000000c4100000|100%| O|  |TAMS 0x00000000c4000000, 0x00000000c4100000| Untracked 
|  65|0x00000000c4100000, 0x00000000c4200000, 0x00000000c4200000|100%| O|  |TAMS 0x00000000c4100000, 0x00000000c4200000| Untracked 
|  66|0x00000000c4200000, 0x00000000c4300000, 0x00000000c4300000|100%| O|  |TAMS 0x00000000c4300000, 0x00000000c4300000| Untracked 
|  67|0x00000000c4300000, 0x00000000c4400000, 0x00000000c4400000|100%| O|  |TAMS 0x00000000c4400000, 0x00000000c4400000| Untracked 
|  68|0x00000000c4400000, 0x00000000c4500000, 0x00000000c4500000|100%| O|  |TAMS 0x00000000c4400000, 0x00000000c4500000| Untracked 
|  69|0x00000000c4500000, 0x00000000c4600000, 0x00000000c4600000|100%| O|  |TAMS 0x00000000c4600000, 0x00000000c4600000| Untracked 
|  70|0x00000000c4600000, 0x00000000c4700000, 0x00000000c4700000|100%| O|  |TAMS 0x00000000c4700000, 0x00000000c4700000| Untracked 
|  71|0x00000000c4700000, 0x00000000c4800000, 0x00000000c4800000|100%| O|  |TAMS 0x00000000c4800000, 0x00000000c4800000| Untracked 
|  72|0x00000000c4800000, 0x00000000c4900000, 0x00000000c4900000|100%| O|  |TAMS 0x00000000c4800000, 0x00000000c4900000| Untracked 
|  73|0x00000000c4900000, 0x00000000c4a00000, 0x00000000c4a00000|100%| O|  |TAMS 0x00000000c4900000, 0x00000000c4a00000| Untracked 
|  74|0x00000000c4a00000, 0x00000000c4b00000, 0x00000000c4b00000|100%| O|  |TAMS 0x00000000c4b00000, 0x00000000c4b00000| Untracked 
|  75|0x00000000c4b00000, 0x00000000c4c00000, 0x00000000c4c00000|100%| O|  |TAMS 0x00000000c4c00000, 0x00000000c4c00000| Untracked 
|  76|0x00000000c4c00000, 0x00000000c4d00000, 0x00000000c4d00000|100%| O|  |TAMS 0x00000000c4d00000, 0x00000000c4d00000| Untracked 
|  77|0x00000000c4d00000, 0x00000000c4e00000, 0x00000000c4e00000|100%| O|  |TAMS 0x00000000c4e00000, 0x00000000c4e00000| Untracked 
|  78|0x00000000c4e00000, 0x00000000c4f00000, 0x00000000c4f00000|100%| O|  |TAMS 0x00000000c4f00000, 0x00000000c4f00000| Untracked 
|  79|0x00000000c4f00000, 0x00000000c5000000, 0x00000000c5000000|100%| O|  |TAMS 0x00000000c5000000, 0x00000000c5000000| Untracked 
|  80|0x00000000c5000000, 0x00000000c5100000, 0x00000000c5100000|100%| O|  |TAMS 0x00000000c5100000, 0x00000000c5100000| Untracked 
|  81|0x00000000c5100000, 0x00000000c5200000, 0x00000000c5200000|100%| O|  |TAMS 0x00000000c5200000, 0x00000000c5200000| Untracked 
|  82|0x00000000c5200000, 0x00000000c5300000, 0x00000000c5300000|100%| O|  |TAMS 0x00000000c5300000, 0x00000000c5300000| Untracked 
|  83|0x00000000c5300000, 0x00000000c5400000, 0x00000000c5400000|100%| O|  |TAMS 0x00000000c5400000, 0x00000000c5400000| Untracked 
|  84|0x00000000c5400000, 0x00000000c5500000, 0x00000000c5500000|100%| O|  |TAMS 0x00000000c5500000, 0x00000000c5500000| Untracked 
|  85|0x00000000c5500000, 0x00000000c5600000, 0x00000000c5600000|100%| O|  |TAMS 0x00000000c5600000, 0x00000000c5600000| Untracked 
|  86|0x00000000c5600000, 0x00000000c5700000, 0x00000000c5700000|100%| O|  |TAMS 0x00000000c5700000, 0x00000000c5700000| Untracked 
|  87|0x00000000c5700000, 0x00000000c5800000, 0x00000000c5800000|100%| O|  |TAMS 0x00000000c5700000, 0x00000000c5800000| Untracked 
|  88|0x00000000c5800000, 0x00000000c5900000, 0x00000000c5900000|100%| O|  |TAMS 0x00000000c5800000, 0x00000000c5900000| Untracked 
|  89|0x00000000c5900000, 0x00000000c5a00000, 0x00000000c5a00000|100%| O|  |TAMS 0x00000000c5900000, 0x00000000c5a00000| Untracked 
|  90|0x00000000c5a00000, 0x00000000c5b00000, 0x00000000c5b00000|100%| O|  |TAMS 0x00000000c5a00000, 0x00000000c5b00000| Untracked 
|  91|0x00000000c5b00000, 0x00000000c5c00000, 0x00000000c5c00000|100%| O|  |TAMS 0x00000000c5c00000, 0x00000000c5c00000| Untracked 
|  92|0x00000000c5c00000, 0x00000000c5d00000, 0x00000000c5d00000|100%| O|  |TAMS 0x00000000c5d00000, 0x00000000c5d00000| Untracked 
|  93|0x00000000c5d00000, 0x00000000c5e00000, 0x00000000c5e00000|100%| O|  |TAMS 0x00000000c5d00000, 0x00000000c5e00000| Untracked 
|  94|0x00000000c5e00000, 0x00000000c5f00000, 0x00000000c5f00000|100%| O|  |TAMS 0x00000000c5e00000, 0x00000000c5f00000| Untracked 
|  95|0x00000000c5f00000, 0x00000000c6000000, 0x00000000c6000000|100%| O|  |TAMS 0x00000000c6000000, 0x00000000c6000000| Untracked 
|  96|0x00000000c6000000, 0x00000000c6100000, 0x00000000c6100000|100%| O|  |TAMS 0x00000000c6100000, 0x00000000c6100000| Untracked 
|  97|0x00000000c6100000, 0x00000000c6200000, 0x00000000c6200000|100%| O|  |TAMS 0x00000000c6100000, 0x00000000c6200000| Untracked 
|  98|0x00000000c6200000, 0x00000000c6300000, 0x00000000c6300000|100%| O|  |TAMS 0x00000000c6300000, 0x00000000c6300000| Untracked 
|  99|0x00000000c6300000, 0x00000000c6400000, 0x00000000c6400000|100%| O|  |TAMS 0x00000000c6300000, 0x00000000c6400000| Untracked 
| 100|0x00000000c6400000, 0x00000000c6500000, 0x00000000c6500000|100%| O|  |TAMS 0x00000000c6400000, 0x00000000c6500000| Untracked 
| 101|0x00000000c6500000, 0x00000000c6600000, 0x00000000c6600000|100%| O|  |TAMS 0x00000000c6500000, 0x00000000c6600000| Untracked 
| 102|0x00000000c6600000, 0x00000000c6700000, 0x00000000c6700000|100%| O|  |TAMS 0x00000000c6700000, 0x00000000c6700000| Untracked 
| 103|0x00000000c6700000, 0x00000000c6800000, 0x00000000c6800000|100%| O|  |TAMS 0x00000000c6700000, 0x00000000c6800000| Untracked 
| 104|0x00000000c6800000, 0x00000000c6900000, 0x00000000c6900000|100%| O|  |TAMS 0x00000000c6900000, 0x00000000c6900000| Untracked 
| 105|0x00000000c6900000, 0x00000000c6a00000, 0x00000000c6a00000|100%| O|  |TAMS 0x00000000c6a00000, 0x00000000c6a00000| Untracked 
| 106|0x00000000c6a00000, 0x00000000c6b00000, 0x00000000c6b00000|100%| O|  |TAMS 0x00000000c6a00000, 0x00000000c6b00000| Untracked 
| 107|0x00000000c6b00000, 0x00000000c6c00000, 0x00000000c6c00000|100%| O|  |TAMS 0x00000000c6b00000, 0x00000000c6c00000| Untracked 
| 108|0x00000000c6c00000, 0x00000000c6d00000, 0x00000000c6d00000|100%| O|  |TAMS 0x00000000c6d00000, 0x00000000c6d00000| Untracked 
| 109|0x00000000c6d00000, 0x00000000c6e00000, 0x00000000c6e00000|100%| O|  |TAMS 0x00000000c6d00000, 0x00000000c6e00000| Untracked 
| 110|0x00000000c6e00000, 0x00000000c6f00000, 0x00000000c6f00000|100%| O|  |TAMS 0x00000000c6f00000, 0x00000000c6f00000| Untracked 
| 111|0x00000000c6f00000, 0x00000000c7000000, 0x00000000c7000000|100%| O|  |TAMS 0x00000000c6f00000, 0x00000000c7000000| Untracked 
| 112|0x00000000c7000000, 0x00000000c7100000, 0x00000000c7100000|100%| O|  |TAMS 0x00000000c7000000, 0x00000000c7100000| Untracked 
| 113|0x00000000c7100000, 0x00000000c7200000, 0x00000000c7200000|100%| O|  |TAMS 0x00000000c7200000, 0x00000000c7200000| Untracked 
| 114|0x00000000c7200000, 0x00000000c7300000, 0x00000000c7300000|100%| O|  |TAMS 0x00000000c7300000, 0x00000000c7300000| Untracked 
| 115|0x00000000c7300000, 0x00000000c7400000, 0x00000000c7400000|100%| O|  |TAMS 0x00000000c7400000, 0x00000000c7400000| Untracked 
| 116|0x00000000c7400000, 0x00000000c7500000, 0x00000000c7500000|100%| O|  |TAMS 0x00000000c7400000, 0x00000000c7500000| Untracked 
| 117|0x00000000c7500000, 0x00000000c7600000, 0x00000000c7600000|100%| O|  |TAMS 0x00000000c7600000, 0x00000000c7600000| Untracked 
| 118|0x00000000c7600000, 0x00000000c7700000, 0x00000000c7700000|100%| O|  |TAMS 0x00000000c7700000, 0x00000000c7700000| Untracked 
| 119|0x00000000c7700000, 0x00000000c7800000, 0x00000000c7800000|100%| O|  |TAMS 0x00000000c7700000, 0x00000000c7800000| Untracked 
| 120|0x00000000c7800000, 0x00000000c7900000, 0x00000000c7900000|100%| O|  |TAMS 0x00000000c7900000, 0x00000000c7900000| Untracked 
| 121|0x00000000c7900000, 0x00000000c7a00000, 0x00000000c7a00000|100%| O|  |TAMS 0x00000000c7a00000, 0x00000000c7a00000| Untracked 
| 122|0x00000000c7a00000, 0x00000000c7b00000, 0x00000000c7b00000|100%| O|  |TAMS 0x00000000c7a00000, 0x00000000c7b00000| Untracked 
| 123|0x00000000c7b00000, 0x00000000c7c00000, 0x00000000c7c00000|100%| O|  |TAMS 0x00000000c7c00000, 0x00000000c7c00000| Untracked 
| 124|0x00000000c7c00000, 0x00000000c7d00000, 0x00000000c7d00000|100%| O|  |TAMS 0x00000000c7c00000, 0x00000000c7d00000| Untracked 
| 125|0x00000000c7d00000, 0x00000000c7e00000, 0x00000000c7e00000|100%| O|  |TAMS 0x00000000c7d00000, 0x00000000c7e00000| Untracked 
| 126|0x00000000c7e00000, 0x00000000c7f00000, 0x00000000c7f00000|100%| O|  |TAMS 0x00000000c7f00000, 0x00000000c7f00000| Untracked 
| 127|0x00000000c7f00000, 0x00000000c8000000, 0x00000000c8000000|100%| O|  |TAMS 0x00000000c8000000, 0x00000000c8000000| Untracked 
| 128|0x00000000c8000000, 0x00000000c8100000, 0x00000000c8100000|100%| O|  |TAMS 0x00000000c8100000, 0x00000000c8100000| Untracked 
| 129|0x00000000c8100000, 0x00000000c8200000, 0x00000000c8200000|100%| O|  |TAMS 0x00000000c8200000, 0x00000000c8200000| Untracked 
| 130|0x00000000c8200000, 0x00000000c8300000, 0x00000000c8300000|100%| O|  |TAMS 0x00000000c8200000, 0x00000000c8300000| Untracked 
| 131|0x00000000c8300000, 0x00000000c8400000, 0x00000000c8400000|100%| O|  |TAMS 0x00000000c8300000, 0x00000000c8400000| Untracked 
| 132|0x00000000c8400000, 0x00000000c8500000, 0x00000000c8500000|100%| O|  |TAMS 0x00000000c8400000, 0x00000000c8500000| Untracked 
| 133|0x00000000c8500000, 0x00000000c8600000, 0x00000000c8600000|100%| O|  |TAMS 0x00000000c8500000, 0x00000000c8600000| Untracked 
| 134|0x00000000c8600000, 0x00000000c8700000, 0x00000000c8700000|100%| O|  |TAMS 0x00000000c8600000, 0x00000000c8700000| Untracked 
| 135|0x00000000c8700000, 0x00000000c8800000, 0x00000000c8800000|100%| O|  |TAMS 0x00000000c8700000, 0x00000000c8800000| Untracked 
| 136|0x00000000c8800000, 0x00000000c8900000, 0x00000000c8900000|100%| O|  |TAMS 0x00000000c8800000, 0x00000000c8900000| Untracked 
| 137|0x00000000c8900000, 0x00000000c8a00000, 0x00000000c8a00000|100%| O|  |TAMS 0x00000000c8a00000, 0x00000000c8a00000| Untracked 
| 138|0x00000000c8a00000, 0x00000000c8b00000, 0x00000000c8b00000|100%| O|  |TAMS 0x00000000c8a00000, 0x00000000c8b00000| Untracked 
| 139|0x00000000c8b00000, 0x00000000c8c00000, 0x00000000c8c00000|100%| O|  |TAMS 0x00000000c8b00000, 0x00000000c8c00000| Untracked 
| 140|0x00000000c8c00000, 0x00000000c8d00000, 0x00000000c8d00000|100%| O|  |TAMS 0x00000000c8c00000, 0x00000000c8d00000| Untracked 
| 141|0x00000000c8d00000, 0x00000000c8e00000, 0x00000000c8e00000|100%| O|  |TAMS 0x00000000c8d00000, 0x00000000c8e00000| Untracked 
| 142|0x00000000c8e00000, 0x00000000c8f00000, 0x00000000c8f00000|100%| O|  |TAMS 0x00000000c8e00000, 0x00000000c8f00000| Untracked 
| 143|0x00000000c8f00000, 0x00000000c9000000, 0x00000000c9000000|100%| O|  |TAMS 0x00000000c8f00000, 0x00000000c9000000| Untracked 
| 144|0x00000000c9000000, 0x00000000c9100000, 0x00000000c9100000|100%| O|  |TAMS 0x00000000c9000000, 0x00000000c9100000| Untracked 
| 145|0x00000000c9100000, 0x00000000c9200000, 0x00000000c9200000|100%| O|  |TAMS 0x00000000c9100000, 0x00000000c9200000| Untracked 
| 146|0x00000000c9200000, 0x00000000c9300000, 0x00000000c9300000|100%| O|  |TAMS 0x00000000c9200000, 0x00000000c9300000| Untracked 
| 147|0x00000000c9300000, 0x00000000c9400000, 0x00000000c9400000|100%| O|  |TAMS 0x00000000c9300000, 0x00000000c9400000| Untracked 
| 148|0x00000000c9400000, 0x00000000c9500000, 0x00000000c9500000|100%| O|  |TAMS 0x00000000c9500000, 0x00000000c9500000| Untracked 
| 149|0x00000000c9500000, 0x00000000c9600000, 0x00000000c9600000|100%| O|  |TAMS 0x00000000c9600000, 0x00000000c9600000| Untracked 
| 150|0x00000000c9600000, 0x00000000c9700000, 0x00000000c9700000|100%| O|  |TAMS 0x00000000c9700000, 0x00000000c9700000| Untracked 
| 151|0x00000000c9700000, 0x00000000c9800000, 0x00000000c9800000|100%| O|  |TAMS 0x00000000c979ae00, 0x00000000c9800000| Untracked 
| 152|0x00000000c9800000, 0x00000000c9900000, 0x00000000c9900000|100%| O|  |TAMS 0x00000000c9800000, 0x00000000c9900000| Untracked 
| 153|0x00000000c9900000, 0x00000000c9a00000, 0x00000000c9a00000|100%| O|  |TAMS 0x00000000c9900000, 0x00000000c9a00000| Untracked 
| 154|0x00000000c9a00000, 0x00000000c9b00000, 0x00000000c9b00000|100%| O|  |TAMS 0x00000000c9a00000, 0x00000000c9b00000| Untracked 
| 155|0x00000000c9b00000, 0x00000000c9c00000, 0x00000000c9c00000|100%| O|  |TAMS 0x00000000c9b00000, 0x00000000c9c00000| Untracked 
| 156|0x00000000c9c00000, 0x00000000c9d00000, 0x00000000c9d00000|100%| O|  |TAMS 0x00000000c9c00000, 0x00000000c9d00000| Untracked 
| 157|0x00000000c9d00000, 0x00000000c9e00000, 0x00000000c9e00000|100%| O|  |TAMS 0x00000000c9d00000, 0x00000000c9e00000| Untracked 
| 158|0x00000000c9e00000, 0x00000000c9f00000, 0x00000000c9f00000|100%| O|  |TAMS 0x00000000c9e00000, 0x00000000c9f00000| Untracked 
| 159|0x00000000c9f00000, 0x00000000ca000000, 0x00000000ca000000|100%| O|  |TAMS 0x00000000c9f00000, 0x00000000ca000000| Untracked 
| 160|0x00000000ca000000, 0x00000000ca100000, 0x00000000ca100000|100%| O|  |TAMS 0x00000000ca000000, 0x00000000ca100000| Untracked 
| 161|0x00000000ca100000, 0x00000000ca200000, 0x00000000ca200000|100%| O|  |TAMS 0x00000000ca100000, 0x00000000ca200000| Untracked 
| 162|0x00000000ca200000, 0x00000000ca300000, 0x00000000ca300000|100%| O|  |TAMS 0x00000000ca200000, 0x00000000ca300000| Untracked 
| 163|0x00000000ca300000, 0x00000000ca400000, 0x00000000ca400000|100%| O|  |TAMS 0x00000000ca300000, 0x00000000ca400000| Untracked 
| 164|0x00000000ca400000, 0x00000000ca500000, 0x00000000ca500000|100%| O|  |TAMS 0x00000000ca400000, 0x00000000ca500000| Untracked 
| 165|0x00000000ca500000, 0x00000000ca600000, 0x00000000ca600000|100%| O|  |TAMS 0x00000000ca500000, 0x00000000ca600000| Untracked 
| 166|0x00000000ca600000, 0x00000000ca700000, 0x00000000ca700000|100%| O|  |TAMS 0x00000000ca600000, 0x00000000ca700000| Untracked 
| 167|0x00000000ca700000, 0x00000000ca800000, 0x00000000ca800000|100%| O|  |TAMS 0x00000000ca700000, 0x00000000ca800000| Untracked 
| 168|0x00000000ca800000, 0x00000000ca900000, 0x00000000ca900000|100%| O|  |TAMS 0x00000000ca800000, 0x00000000ca900000| Untracked 
| 169|0x00000000ca900000, 0x00000000caa00000, 0x00000000caa00000|100%| O|  |TAMS 0x00000000ca900000, 0x00000000caa00000| Untracked 
| 170|0x00000000caa00000, 0x00000000cab00000, 0x00000000cab00000|100%|HS|  |TAMS 0x00000000caa00000, 0x00000000cab00000| Complete 
| 171|0x00000000cab00000, 0x00000000cac00000, 0x00000000cac00000|100%|HC|  |TAMS 0x00000000cab00000, 0x00000000cac00000| Complete 
| 172|0x00000000cac00000, 0x00000000cad00000, 0x00000000cad00000|100%|HS|  |TAMS 0x00000000cac00000, 0x00000000cad00000| Complete 
| 173|0x00000000cad00000, 0x00000000cae00000, 0x00000000cae00000|100%|HC|  |TAMS 0x00000000cad00000, 0x00000000cae00000| Complete 
| 174|0x00000000cae00000, 0x00000000caf00000, 0x00000000caf00000|100%| O|  |TAMS 0x00000000cae00000, 0x00000000caf00000| Untracked 
| 175|0x00000000caf00000, 0x00000000cb000000, 0x00000000cb000000|100%| O|  |TAMS 0x00000000caf00000, 0x00000000cb000000| Untracked 
| 176|0x00000000cb000000, 0x00000000cb100000, 0x00000000cb100000|100%| O|  |TAMS 0x00000000cb000000, 0x00000000cb100000| Untracked 
| 177|0x00000000cb100000, 0x00000000cb200000, 0x00000000cb200000|100%| O|  |TAMS 0x00000000cb100000, 0x00000000cb200000| Untracked 
| 178|0x00000000cb200000, 0x00000000cb300000, 0x00000000cb300000|100%| O|  |TAMS 0x00000000cb200000, 0x00000000cb300000| Untracked 
| 179|0x00000000cb300000, 0x00000000cb400000, 0x00000000cb400000|100%| O|  |TAMS 0x00000000cb300000, 0x00000000cb400000| Untracked 
| 180|0x00000000cb400000, 0x00000000cb500000, 0x00000000cb500000|100%| O|  |TAMS 0x00000000cb400000, 0x00000000cb500000| Untracked 
| 181|0x00000000cb500000, 0x00000000cb600000, 0x00000000cb600000|100%| O|  |TAMS 0x00000000cb500000, 0x00000000cb600000| Untracked 
| 182|0x00000000cb600000, 0x00000000cb700000, 0x00000000cb700000|100%| O|  |TAMS 0x00000000cb600000, 0x00000000cb700000| Untracked 
| 183|0x00000000cb700000, 0x00000000cb800000, 0x00000000cb800000|100%| O|  |TAMS 0x00000000cb700000, 0x00000000cb800000| Untracked 
| 184|0x00000000cb800000, 0x00000000cb900000, 0x00000000cb900000|100%| O|  |TAMS 0x00000000cb800000, 0x00000000cb900000| Untracked 
| 185|0x00000000cb900000, 0x00000000cba00000, 0x00000000cba00000|100%| O|  |TAMS 0x00000000cb900000, 0x00000000cba00000| Untracked 
| 186|0x00000000cba00000, 0x00000000cbb00000, 0x00000000cbb00000|100%| O|  |TAMS 0x00000000cba00000, 0x00000000cbb00000| Untracked 
| 187|0x00000000cbb00000, 0x00000000cbc00000, 0x00000000cbc00000|100%| O|  |TAMS 0x00000000cbb00000, 0x00000000cbc00000| Untracked 
| 188|0x00000000cbc00000, 0x00000000cbd00000, 0x00000000cbd00000|100%| O|  |TAMS 0x00000000cbc00000, 0x00000000cbd00000| Untracked 
| 189|0x00000000cbd00000, 0x00000000cbe00000, 0x00000000cbe00000|100%| O|  |TAMS 0x00000000cbd00000, 0x00000000cbe00000| Untracked 
| 190|0x00000000cbe00000, 0x00000000cbf00000, 0x00000000cbf00000|100%|HS|  |TAMS 0x00000000cbe00000, 0x00000000cbf00000| Complete 
| 191|0x00000000cbf00000, 0x00000000cc000000, 0x00000000cc000000|100%|HC|  |TAMS 0x00000000cbf00000, 0x00000000cc000000| Complete 
| 192|0x00000000cc000000, 0x00000000cc100000, 0x00000000cc100000|100%|HS|  |TAMS 0x00000000cc000000, 0x00000000cc100000| Complete 
| 193|0x00000000cc100000, 0x00000000cc200000, 0x00000000cc200000|100%|HC|  |TAMS 0x00000000cc100000, 0x00000000cc200000| Complete 
| 194|0x00000000cc200000, 0x00000000cc300000, 0x00000000cc300000|100%| O|  |TAMS 0x00000000cc200000, 0x00000000cc300000| Untracked 
| 195|0x00000000cc300000, 0x00000000cc400000, 0x00000000cc400000|100%| O|  |TAMS 0x00000000cc300000, 0x00000000cc400000| Untracked 
| 196|0x00000000cc400000, 0x00000000cc500000, 0x00000000cc500000|100%| O|  |TAMS 0x00000000cc400000, 0x00000000cc500000| Untracked 
| 197|0x00000000cc500000, 0x00000000cc5a6800, 0x00000000cc600000| 65%| O|  |TAMS 0x00000000cc500000, 0x00000000cc5a6800| Untracked 
| 198|0x00000000cc600000, 0x00000000cc700000, 0x00000000cc700000|100%|HS|  |TAMS 0x00000000cc600000, 0x00000000cc600000| Complete 
| 199|0x00000000cc700000, 0x00000000cc800000, 0x00000000cc800000|100%|HC|  |TAMS 0x00000000cc700000, 0x00000000cc700000| Complete 
| 200|0x00000000cc800000, 0x00000000cc900000, 0x00000000cc900000|100%|HS|  |TAMS 0x00000000cc800000, 0x00000000cc800000| Complete 
| 201|0x00000000cc900000, 0x00000000cca00000, 0x00000000cca00000|100%|HC|  |TAMS 0x00000000cc900000, 0x00000000cc900000| Complete 
| 202|0x00000000cca00000, 0x00000000cca00000, 0x00000000ccb00000|  0%| F|  |TAMS 0x00000000cca00000, 0x00000000cca00000| Untracked 
| 203|0x00000000ccb00000, 0x00000000ccb00000, 0x00000000ccc00000|  0%| F|  |TAMS 0x00000000ccb00000, 0x00000000ccb00000| Untracked 
| 204|0x00000000ccc00000, 0x00000000ccc00000, 0x00000000ccd00000|  0%| F|  |TAMS 0x00000000ccc00000, 0x00000000ccc00000| Untracked 
| 205|0x00000000ccd00000, 0x00000000ccd00000, 0x00000000cce00000|  0%| F|  |TAMS 0x00000000ccd00000, 0x00000000ccd00000| Untracked 
| 206|0x00000000cce00000, 0x00000000cce00000, 0x00000000ccf00000|  0%| F|  |TAMS 0x00000000cce00000, 0x00000000cce00000| Untracked 
| 207|0x00000000ccf00000, 0x00000000ccf00000, 0x00000000cd000000|  0%| F|  |TAMS 0x00000000ccf00000, 0x00000000ccf00000| Untracked 
| 208|0x00000000cd000000, 0x00000000cd000000, 0x00000000cd100000|  0%| F|  |TAMS 0x00000000cd000000, 0x00000000cd000000| Untracked 
| 209|0x00000000cd100000, 0x00000000cd100000, 0x00000000cd200000|  0%| F|  |TAMS 0x00000000cd100000, 0x00000000cd100000| Untracked 
| 210|0x00000000cd200000, 0x00000000cd200000, 0x00000000cd300000|  0%| F|  |TAMS 0x00000000cd200000, 0x00000000cd200000| Untracked 
| 211|0x00000000cd300000, 0x00000000cd300000, 0x00000000cd400000|  0%| F|  |TAMS 0x00000000cd300000, 0x00000000cd300000| Untracked 
| 212|0x00000000cd400000, 0x00000000cd400000, 0x00000000cd500000|  0%| F|  |TAMS 0x00000000cd400000, 0x00000000cd400000| Untracked 
| 213|0x00000000cd500000, 0x00000000cd500000, 0x00000000cd600000|  0%| F|  |TAMS 0x00000000cd500000, 0x00000000cd500000| Untracked 
| 214|0x00000000cd600000, 0x00000000cd600000, 0x00000000cd700000|  0%| F|  |TAMS 0x00000000cd600000, 0x00000000cd600000| Untracked 
| 215|0x00000000cd700000, 0x00000000cd700000, 0x00000000cd800000|  0%| F|  |TAMS 0x00000000cd700000, 0x00000000cd700000| Untracked 
| 216|0x00000000cd800000, 0x00000000cd800000, 0x00000000cd900000|  0%| F|  |TAMS 0x00000000cd800000, 0x00000000cd800000| Untracked 
| 217|0x00000000cd900000, 0x00000000cd900000, 0x00000000cda00000|  0%| F|  |TAMS 0x00000000cd900000, 0x00000000cd900000| Untracked 
| 218|0x00000000cda00000, 0x00000000cda00000, 0x00000000cdb00000|  0%| F|  |TAMS 0x00000000cda00000, 0x00000000cda00000| Untracked 
| 219|0x00000000cdb00000, 0x00000000cdb00000, 0x00000000cdc00000|  0%| F|  |TAMS 0x00000000cdb00000, 0x00000000cdb00000| Untracked 
| 220|0x00000000cdc00000, 0x00000000cdc00000, 0x00000000cdd00000|  0%| F|  |TAMS 0x00000000cdc00000, 0x00000000cdc00000| Untracked 
| 221|0x00000000cdd00000, 0x00000000cdd00000, 0x00000000cde00000|  0%| F|  |TAMS 0x00000000cdd00000, 0x00000000cdd00000| Untracked 
| 222|0x00000000cde00000, 0x00000000cde00000, 0x00000000cdf00000|  0%| F|  |TAMS 0x00000000cde00000, 0x00000000cde00000| Untracked 
| 223|0x00000000cdf00000, 0x00000000cdf00000, 0x00000000ce000000|  0%| F|  |TAMS 0x00000000cdf00000, 0x00000000cdf00000| Untracked 
| 224|0x00000000ce000000, 0x00000000ce000000, 0x00000000ce100000|  0%| F|  |TAMS 0x00000000ce000000, 0x00000000ce000000| Untracked 
| 225|0x00000000ce100000, 0x00000000ce100000, 0x00000000ce200000|  0%| F|  |TAMS 0x00000000ce100000, 0x00000000ce100000| Untracked 
| 226|0x00000000ce200000, 0x00000000ce200000, 0x00000000ce300000|  0%| F|  |TAMS 0x00000000ce200000, 0x00000000ce200000| Untracked 
| 227|0x00000000ce300000, 0x00000000ce300000, 0x00000000ce400000|  0%| F|  |TAMS 0x00000000ce300000, 0x00000000ce300000| Untracked 
| 228|0x00000000ce400000, 0x00000000ce400000, 0x00000000ce500000|  0%| F|  |TAMS 0x00000000ce400000, 0x00000000ce400000| Untracked 
| 229|0x00000000ce500000, 0x00000000ce500000, 0x00000000ce600000|  0%| F|  |TAMS 0x00000000ce500000, 0x00000000ce500000| Untracked 
| 230|0x00000000ce600000, 0x00000000ce600000, 0x00000000ce700000|  0%| F|  |TAMS 0x00000000ce600000, 0x00000000ce600000| Untracked 
| 231|0x00000000ce700000, 0x00000000ce700000, 0x00000000ce800000|  0%| F|  |TAMS 0x00000000ce700000, 0x00000000ce700000| Untracked 
| 232|0x00000000ce800000, 0x00000000ce800000, 0x00000000ce900000|  0%| F|  |TAMS 0x00000000ce800000, 0x00000000ce800000| Untracked 
| 233|0x00000000ce900000, 0x00000000ce900000, 0x00000000cea00000|  0%| F|  |TAMS 0x00000000ce900000, 0x00000000ce900000| Untracked 
| 234|0x00000000cea00000, 0x00000000cea00000, 0x00000000ceb00000|  0%| F|  |TAMS 0x00000000cea00000, 0x00000000cea00000| Untracked 
| 235|0x00000000ceb00000, 0x00000000ceb00000, 0x00000000cec00000|  0%| F|  |TAMS 0x00000000ceb00000, 0x00000000ceb00000| Untracked 
| 236|0x00000000cec00000, 0x00000000cec00000, 0x00000000ced00000|  0%| F|  |TAMS 0x00000000cec00000, 0x00000000cec00000| Untracked 
| 237|0x00000000ced00000, 0x00000000ced00000, 0x00000000cee00000|  0%| F|  |TAMS 0x00000000ced00000, 0x00000000ced00000| Untracked 
| 238|0x00000000cee00000, 0x00000000cee00000, 0x00000000cef00000|  0%| F|  |TAMS 0x00000000cee00000, 0x00000000cee00000| Untracked 
| 239|0x00000000cef00000, 0x00000000cef00000, 0x00000000cf000000|  0%| F|  |TAMS 0x00000000cef00000, 0x00000000cef00000| Untracked 
| 240|0x00000000cf000000, 0x00000000cf000000, 0x00000000cf100000|  0%| F|  |TAMS 0x00000000cf000000, 0x00000000cf000000| Untracked 
| 241|0x00000000cf100000, 0x00000000cf100000, 0x00000000cf200000|  0%| F|  |TAMS 0x00000000cf100000, 0x00000000cf100000| Untracked 
| 242|0x00000000cf200000, 0x00000000cf200000, 0x00000000cf300000|  0%| F|  |TAMS 0x00000000cf200000, 0x00000000cf200000| Untracked 
| 243|0x00000000cf300000, 0x00000000cf300000, 0x00000000cf400000|  0%| F|  |TAMS 0x00000000cf300000, 0x00000000cf300000| Untracked 
| 244|0x00000000cf400000, 0x00000000cf400000, 0x00000000cf500000|  0%| F|  |TAMS 0x00000000cf400000, 0x00000000cf400000| Untracked 
| 245|0x00000000cf500000, 0x00000000cf500000, 0x00000000cf600000|  0%| F|  |TAMS 0x00000000cf500000, 0x00000000cf500000| Untracked 
| 246|0x00000000cf600000, 0x00000000cf600000, 0x00000000cf700000|  0%| F|  |TAMS 0x00000000cf600000, 0x00000000cf600000| Untracked 
| 247|0x00000000cf700000, 0x00000000cf700000, 0x00000000cf800000|  0%| F|  |TAMS 0x00000000cf700000, 0x00000000cf700000| Untracked 
| 248|0x00000000cf800000, 0x00000000cf800000, 0x00000000cf900000|  0%| F|  |TAMS 0x00000000cf800000, 0x00000000cf800000| Untracked 
| 249|0x00000000cf900000, 0x00000000cf9d6640, 0x00000000cfa00000| 83%| S|CS|TAMS 0x00000000cf900000, 0x00000000cf900000| Complete 
| 250|0x00000000cfa00000, 0x00000000cfa00000, 0x00000000cfb00000|  0%| F|  |TAMS 0x00000000cfa00000, 0x00000000cfa00000| Untracked 
| 251|0x00000000cfb00000, 0x00000000cfb00000, 0x00000000cfc00000|  0%| F|  |TAMS 0x00000000cfb00000, 0x00000000cfb00000| Untracked 
| 252|0x00000000cfc00000, 0x00000000cfc00000, 0x00000000cfd00000|  0%| F|  |TAMS 0x00000000cfc00000, 0x00000000cfc00000| Untracked 
| 253|0x00000000cfd00000, 0x00000000cfde2150, 0x00000000cfe00000| 88%| E|  |TAMS 0x00000000cfd00000, 0x00000000cfd00000| Complete 
| 254|0x00000000cfe00000, 0x00000000cff00000, 0x00000000cff00000|100%| E|CS|TAMS 0x00000000cfe00000, 0x00000000cfe00000| Complete 
| 255|0x00000000cff00000, 0x00000000d0000000, 0x00000000d0000000|100%| E|CS|TAMS 0x00000000cff00000, 0x00000000cff00000| Complete 

Card table byte_map: [0x00000134783d0000,0x00000134785d0000] _byte_map_base: 0x0000013477dd0000

Marking Bits (Prev, Next): (CMBitMap*) 0x000001346003d6a0, (CMBitMap*) 0x000001346003d668
 Prev Bits: [0x00000134797d0000, 0x000001347a7d0000)
 Next Bits: [0x00000134787d0000, 0x00000134797d0000)

Polling page: 0x000001345f460000

Metaspace:

Usage:
  Non-class:    139.53 MB capacity,   131.30 MB ( 94%) used,     7.78 MB (  6%) free+waste,   461.19 KB ( <1%) overhead. 
      Class:     20.10 MB capacity,    16.21 MB ( 81%) used,     3.67 MB ( 18%) free+waste,   222.56 KB (  1%) overhead. 
       Both:    159.63 MB capacity,   147.51 MB ( 92%) used,    11.45 MB (  7%) free+waste,   683.75 KB ( <1%) overhead. 

Virtual space:
  Non-class space:      140.00 MB reserved,     139.59 MB (>99%) committed 
      Class space:        1.00 GB reserved,      20.20 MB (  2%) committed 
             Both:        1.14 GB reserved,     159.79 MB ( 14%) committed 

Chunk freelists:
   Non-Class:  0 bytes
       Class:  25.00 KB
        Both:  25.00 KB

MaxMetaspaceSize: 17179869184.00 GB
CompressedClassSpaceSize: 1.00 GB
Initial GC threshold: 20.80 MB
Current GC threshold: 265.90 MB
CDS: off

CodeHeap 'non-profiled nmethods': size=120000Kb used=38181Kb max_used=38181Kb free=81818Kb
 bounds [0x0000013470970000, 0x0000013472ec0000, 0x0000013477ea0000]
CodeHeap 'profiled nmethods': size=120000Kb used=68306Kb max_used=69123Kb free=51693Kb
 bounds [0x0000013469440000, 0x000001346d7d0000, 0x0000013470970000]
CodeHeap 'non-nmethods': size=5760Kb used=1742Kb max_used=1809Kb free=4018Kb
 bounds [0x0000013468ea0000, 0x0000013469110000, 0x0000013469440000]
 total_blobs=30808 nmethods=29656 adapters=1061
 compilation: enabled
              stopped_count=0, restarted_count=0
 full_count=0

Compilation events (20 events):
Event: 12888.882 Thread 0x000001347daf8000 39849       1       org.eclipse.jface.viewers.TableViewerRow::setItem (6 bytes)
Event: 12888.883 Thread 0x000001347daf8000 nmethod 39849 0x0000013472eb5410 code [0x0000013472eb55c0, 0x0000013472eb56b8]
Event: 12888.914 Thread 0x000001347daee800 39850 %     4       org.eclipse.cdt.core.settings.model.util.CDataUtil::isExcluded @ 5 (28 bytes)
Event: 12888.917 Thread 0x000001347daee800 nmethod 39850% 0x0000013472eb5710 code [0x0000013472eb58c0, 0x0000013472eb5a88]
Event: 12889.135 Thread 0x000001347daf8000 39851       3       org.eclipse.cdt.internal.core.settings.model.xml.XmlStorage::isModified (57 bytes)
Event: 12889.135 Thread 0x000001347daf8000 nmethod 39851 0x000001346b33f610 code [0x000001346b33f820, 0x000001346b33fea8]
Event: 12889.137 Thread 0x000001347daee800 39852       4       org.eclipse.cdt.core.settings.model.ACExclusionFilterEntry::equals (53 bytes)
Event: 12889.139 Thread 0x000001347daf8000 39853       3       org.eclipse.cdt.internal.core.cdtvariables.StorableCdtVariables::<init> (67 bytes)
Event: 12889.140 Thread 0x000001347daf8000 nmethod 39853 0x000001346a84c610 code [0x000001346a84c860, 0x000001346a84d128]
Event: 12889.142 Thread 0x000001347daee800 nmethod 39852 0x0000013472eb5b90 code [0x0000013472eb5d40, 0x0000013472eb61f8]
Event: 12889.142 Thread 0x000001347daee800 39854       4       org.eclipse.cdt.internal.core.envvar.EnvironmentVariableManager::getVariables (90 bytes)
Event: 12889.151 Thread 0x000001347daf8000 39855       1       java.net.URI::getRawAuthority (5 bytes)
Event: 12889.151 Thread 0x000001347daf8000 nmethod 39855 0x0000013472eb6410 code [0x0000013472eb65c0, 0x0000013472eb6678]
Event: 12889.157 Thread 0x000001347daee800 nmethod 39854 0x0000013472eb6710 code [0x0000013472eb6940, 0x0000013472eb7268]
Event: 12889.379 Thread 0x000001347daee800 39856       4       org.eclipse.core.internal.runtime.PlatformLogWriter::isLoggable (19 bytes)
Event: 12889.380 Thread 0x000001347daee800 nmethod 39856 0x0000013472eb7910 code [0x0000013472eb7ac0, 0x0000013472eb7c68]
Event: 12889.500 Thread 0x000001347daee800 39857       4       java.lang.invoke.VarHandleGuards::guard_LI_V (103 bytes)
Event: 12889.502 Thread 0x000001347daee800 nmethod 39857 0x0000013472eb7d10 code [0x0000013472eb7ec0, 0x0000013472eb8028]
Event: 12889.502 Thread 0x000001347daee800 39858       4       java.util.Collections$UnmodifiableCollection::toArray (10 bytes)
Event: 12889.531 Thread 0x000001347daee800 nmethod 39858 0x0000013472eb8210 code [0x0000013472eb8420, 0x0000013472eb9078]

GC Heap History (20 events):
Event: 12873.036 GC heap before
{Heap before GC invocations=496 (full 0):
 garbage-first heap   total 262144K, used 225800K [0x00000000c0000000, 0x0000000100000000)
  region size 1024K, 36 young (36864K), 6 survivors (6144K)
 Metaspace       used 151006K, capacity 163460K, committed 163624K, reserved 1191936K
  class space    used 16601K, capacity 20583K, committed 20680K, reserved 1048576K
}
Event: 12873.045 GC heap after
{Heap after GC invocations=497 (full 0):
 garbage-first heap   total 262144K, used 190777K [0x00000000c0000000, 0x0000000100000000)
  region size 1024K, 1 young (1024K), 1 survivors (1024K)
 Metaspace       used 151006K, capacity 163460K, committed 163624K, reserved 1191936K
  class space    used 16601K, capacity 20583K, committed 20680K, reserved 1048576K
}
Event: 12876.172 GC heap before
{Heap before GC invocations=497 (full 0):
 garbage-first heap   total 262144K, used 222521K [0x00000000c0000000, 0x0000000100000000)
  region size 1024K, 33 young (33792K), 1 survivors (1024K)
 Metaspace       used 151006K, capacity 163460K, committed 163624K, reserved 1191936K
  class space    used 16601K, capacity 20583K, committed 20680K, reserved 1048576K
}
Event: 12876.182 GC heap after
{Heap after GC invocations=498 (full 0):
 garbage-first heap   total 262144K, used 194192K [0x00000000c0000000, 0x0000000100000000)
  region size 1024K, 5 young (5120K), 5 survivors (5120K)
 Metaspace       used 151006K, capacity 163460K, committed 163624K, reserved 1191936K
  class space    used 16601K, capacity 20583K, committed 20680K, reserved 1048576K
}
Event: 12880.121 GC heap before
{Heap before GC invocations=498 (full 0):
 garbage-first heap   total 262144K, used 222864K [0x00000000c0000000, 0x0000000100000000)
  region size 1024K, 34 young (34816K), 5 survivors (5120K)
 Metaspace       used 151010K, capacity 163462K, committed 163624K, reserved 1191936K
  class space    used 16601K, capacity 20583K, committed 20680K, reserved 1048576K
}
Event: 12880.128 GC heap after
{Heap after GC invocations=499 (full 0):
 garbage-first heap   total 262144K, used 193696K [0x00000000c0000000, 0x0000000100000000)
  region size 1024K, 1 young (1024K), 1 survivors (1024K)
 Metaspace       used 151010K, capacity 163462K, committed 163624K, reserved 1191936K
  class space    used 16601K, capacity 20583K, committed 20680K, reserved 1048576K
}
Event: 12881.483 GC heap before
{Heap before GC invocations=499 (full 0):
 garbage-first heap   total 262144K, used 224416K [0x00000000c0000000, 0x0000000100000000)
  region size 1024K, 32 young (32768K), 1 survivors (1024K)
 Metaspace       used 151027K, capacity 163462K, committed 163624K, reserved 1191936K
  class space    used 16601K, capacity 20583K, committed 20680K, reserved 1048576K
}
Event: 12881.488 GC heap after
{Heap after GC invocations=500 (full 0):
 garbage-first heap   total 262144K, used 193415K [0x00000000c0000000, 0x0000000100000000)
  region size 1024K, 1 young (1024K), 1 survivors (1024K)
 Metaspace       used 151027K, capacity 163462K, committed 163624K, reserved 1191936K
  class space    used 16601K, capacity 20583K, committed 20680K, reserved 1048576K
}
Event: 12882.386 GC heap before
{Heap before GC invocations=500 (full 0):
 garbage-first heap   total 262144K, used 225159K [0x00000000c0000000, 0x0000000100000000)
  region size 1024K, 33 young (33792K), 1 survivors (1024K)
 Metaspace       used 151036K, capacity 163463K, committed 163624K, reserved 1191936K
  class space    used 16601K, capacity 20583K, committed 20680K, reserved 1048576K
}
Event: 12882.398 GC heap after
{Heap after GC invocations=501 (full 0):
 garbage-first heap   total 262144K, used 194083K [0x00000000c0000000, 0x0000000100000000)
  region size 1024K, 2 young (2048K), 2 survivors (2048K)
 Metaspace       used 151036K, capacity 163463K, committed 163624K, reserved 1191936K
  class space    used 16601K, capacity 20583K, committed 20680K, reserved 1048576K
}
Event: 12886.658 GC heap before
{Heap before GC invocations=501 (full 0):
 garbage-first heap   total 262144K, used 225827K [0x00000000c0000000, 0x0000000100000000)
  region size 1024K, 34 young (34816K), 2 survivors (2048K)
 Metaspace       used 151040K, capacity 163463K, committed 163624K, reserved 1191936K
  class space    used 16601K, capacity 20583K, committed 20680K, reserved 1048576K
}
Event: 12886.665 GC heap after
{Heap after GC invocations=502 (full 0):
 garbage-first heap   total 262144K, used 195973K [0x00000000c0000000, 0x0000000100000000)
  region size 1024K, 4 young (4096K), 4 survivors (4096K)
 Metaspace       used 151040K, capacity 163463K, committed 163624K, reserved 1191936K
  class space    used 16601K, capacity 20583K, committed 20680K, reserved 1048576K
}
Event: 12887.218 GC heap before
{Heap before GC invocations=502 (full 0):
 garbage-first heap   total 262144K, used 226693K [0x00000000c0000000, 0x0000000100000000)
  region size 1024K, 34 young (34816K), 4 survivors (4096K)
 Metaspace       used 151040K, capacity 163463K, committed 163624K, reserved 1191936K
  class space    used 16601K, capacity 20583K, committed 20680K, reserved 1048576K
}
Event: 12887.226 GC heap after
{Heap after GC invocations=503 (full 0):
 garbage-first heap   total 262144K, used 196155K [0x00000000c0000000, 0x0000000100000000)
  region size 1024K, 3 young (3072K), 3 survivors (3072K)
 Metaspace       used 151040K, capacity 163463K, committed 163624K, reserved 1191936K
  class space    used 16601K, capacity 20583K, committed 20680K, reserved 1048576K
}
Event: 12888.676 GC heap before
{Heap before GC invocations=503 (full 0):
 garbage-first heap   total 262144K, used 226875K [0x00000000c0000000, 0x0000000100000000)
  region size 1024K, 34 young (34816K), 3 survivors (3072K)
 Metaspace       used 151048K, capacity 163463K, committed 163624K, reserved 1191936K
  class space    used 16601K, capacity 20583K, committed 20680K, reserved 1048576K
}
Event: 12888.686 GC heap after
{Heap after GC invocations=504 (full 0):
 garbage-first heap   total 262144K, used 199612K [0x00000000c0000000, 0x0000000100000000)
  region size 1024K, 5 young (5120K), 5 survivors (5120K)
 Metaspace       used 151048K, capacity 163463K, committed 163624K, reserved 1191936K
  class space    used 16601K, capacity 20583K, committed 20680K, reserved 1048576K
}
Event: 12889.364 GC heap before
{Heap before GC invocations=504 (full 0):
 garbage-first heap   total 262144K, used 231356K [0x00000000c0000000, 0x0000000100000000)
  region size 1024K, 33 young (33792K), 5 survivors (5120K)
 Metaspace       used 151052K, capacity 163463K, committed 163624K, reserved 1191936K
  class space    used 16601K, capacity 20583K, committed 20680K, reserved 1048576K
}
Event: 12889.372 GC heap after
{Heap after GC invocations=505 (full 0):
 garbage-first heap   total 262144K, used 203746K [0x00000000c0000000, 0x0000000100000000)
  region size 1024K, 2 young (2048K), 2 survivors (2048K)
 Metaspace       used 151052K, capacity 163463K, committed 163624K, reserved 1191936K
  class space    used 16601K, capacity 20583K, committed 20680K, reserved 1048576K
}
Event: 12889.472 GC heap before
{Heap before GC invocations=505 (full 0):
 garbage-first heap   total 262144K, used 208866K [0x00000000c0000000, 0x0000000100000000)
  region size 1024K, 8 young (8192K), 2 survivors (2048K)
 Metaspace       used 151052K, capacity 163463K, committed 163624K, reserved 1191936K
  class space    used 16601K, capacity 20583K, committed 20680K, reserved 1048576K
}
Event: 12889.478 GC heap after
{Heap after GC invocations=506 (full 0):
 garbage-first heap   total 262144K, used 203251K [0x00000000c0000000, 0x0000000100000000)
  region size 1024K, 1 young (1024K), 1 survivors (1024K)
 Metaspace       used 151052K, capacity 163463K, committed 163624K, reserved 1191936K
  class space    used 16601K, capacity 20583K, committed 20680K, reserved 1048576K
}

Deoptimization events (20 events):
Event: 12798.664 Thread 0x000001347e144000 DEOPT PACKING pc=0x000001346b73b12b sp=0x0000001fb98fe5f0
Event: 12798.664 Thread 0x000001347e144000 DEOPT UNPACKING pc=0x0000013468eea95e sp=0x0000001fb98fdb88 mode 0
Event: 12860.505 Thread 0x000001346000d000 Uncommon trap: trap_request=0xffffffbe fr.pc=0x0000013472e848bc relative=0x000000000000117c
Event: 12860.505 Thread 0x000001346000d000 Uncommon trap: reason=profile_predicate action=maybe_recompile pc=0x0000013472e848bc method=org.eclipse.ui.actions.SelectionListenerAction.computeResources()V @ 224 c2
Event: 12860.505 Thread 0x000001346000d000 DEOPT PACKING pc=0x0000013472e848bc sp=0x0000001fb56fad30
Event: 12860.505 Thread 0x000001346000d000 DEOPT UNPACKING pc=0x0000013468eea1af sp=0x0000001fb56facf0 mode 2
Event: 12860.537 Thread 0x000001346000d000 Uncommon trap: trap_request=0xffffffbe fr.pc=0x0000013472e848bc relative=0x000000000000117c
Event: 12860.537 Thread 0x000001346000d000 Uncommon trap: reason=profile_predicate action=maybe_recompile pc=0x0000013472e848bc method=org.eclipse.ui.actions.SelectionListenerAction.computeResources()V @ 224 c2
Event: 12860.537 Thread 0x000001346000d000 DEOPT PACKING pc=0x0000013472e848bc sp=0x0000001fb56fc6a0
Event: 12860.537 Thread 0x000001346000d000 DEOPT UNPACKING pc=0x0000013468eea1af sp=0x0000001fb56fc660 mode 2
Event: 12861.292 Thread 0x000001346000d000 Uncommon trap: trap_request=0xffffffbe fr.pc=0x0000013472e848bc relative=0x000000000000117c
Event: 12861.292 Thread 0x000001346000d000 Uncommon trap: reason=profile_predicate action=maybe_recompile pc=0x0000013472e848bc method=org.eclipse.ui.actions.SelectionListenerAction.computeResources()V @ 224 c2
Event: 12861.292 Thread 0x000001346000d000 DEOPT PACKING pc=0x0000013472e848bc sp=0x0000001fb56fd3f0
Event: 12861.292 Thread 0x000001346000d000 DEOPT UNPACKING pc=0x0000013468eea1af sp=0x0000001fb56fd3b0 mode 2
Event: 12869.098 Thread 0x000001347e145000 DEOPT PACKING pc=0x000001346a68dde4 sp=0x0000001fbb0feda0
Event: 12869.098 Thread 0x000001347e145000 DEOPT UNPACKING pc=0x0000013468eea95e sp=0x0000001fbb0fe288 mode 0
Event: 12886.836 Thread 0x000001346000d000 Uncommon trap: trap_request=0xffffffbe fr.pc=0x0000013472e848bc relative=0x000000000000117c
Event: 12886.837 Thread 0x000001346000d000 Uncommon trap: reason=profile_predicate action=maybe_recompile pc=0x0000013472e848bc method=org.eclipse.ui.actions.SelectionListenerAction.computeResources()V @ 224 c2
Event: 12886.837 Thread 0x000001346000d000 DEOPT PACKING pc=0x0000013472e848bc sp=0x0000001fb56fad30
Event: 12886.837 Thread 0x000001346000d000 DEOPT UNPACKING pc=0x0000013468eea1af sp=0x0000001fb56facf0 mode 2

Classes redefined (0 events):
No events

Internal exceptions (20 events):
Event: 12861.110 Thread 0x0000013402701800 Exception <a 'java/lang/InterruptedException'{0x00000000cf8516d0}> (0x00000000cf8516d0) thrown at [./src/hotspot/share/runtime/objectMonitor.cpp, line 1448]
Event: 12862.136 Thread 0x0000013409666000 Exception <a 'sun/nio/fs/WindowsException'{0x00000000ced94308}> (0x00000000ced94308) thrown at [./src/hotspot/share/prims/jni.cpp, line 616]
Event: 12869.092 Thread 0x0000013402701800 Exception <a 'java/lang/InterruptedException'{0x00000000cf637988}> (0x00000000cf637988) thrown at [./src/hotspot/share/runtime/objectMonitor.cpp, line 1635]
Event: 12869.092 Thread 0x0000013409673000 Exception <a 'java/lang/InterruptedException'{0x00000000cf657f10}> (0x00000000cf657f10) thrown at [./src/hotspot/share/runtime/objectMonitor.cpp, line 1635]
Event: 12869.116 Thread 0x000001340966f800 Exception <a 'java/lang/InterruptedException'{0x00000000cf31c0b0}> (0x00000000cf31c0b0) thrown at [./src/hotspot/share/runtime/objectMonitor.cpp, line 1635]
Event: 12869.117 Thread 0x0000013405845000 Exception <a 'java/lang/InterruptedException'{0x00000000cf352808}> (0x00000000cf352808) thrown at [./src/hotspot/share/runtime/objectMonitor.cpp, line 1635]
Event: 12869.419 Thread 0x0000013402710000 Exception <a 'java/lang/InterruptedException'{0x00000000cf1c74a8}> (0x00000000cf1c74a8) thrown at [./src/hotspot/share/runtime/objectMonitor.cpp, line 1635]
Event: 12886.598 Thread 0x000001346000d000 Exception <a 'sun/nio/fs/WindowsException'{0x00000000cf1b3e08}> (0x00000000cf1b3e08) thrown at [./src/hotspot/share/prims/jni.cpp, line 616]
Event: 12886.628 Thread 0x000001346000d000 Exception <a 'sun/nio/fs/WindowsException'{0x00000000ce469020}> (0x00000000ce469020) thrown at [./src/hotspot/share/prims/jni.cpp, line 616]
Event: 12886.645 Thread 0x000001346000d000 Exception <a 'sun/nio/fs/WindowsException'{0x00000000ce352be0}> (0x00000000ce352be0) thrown at [./src/hotspot/share/prims/jni.cpp, line 616]
Event: 12886.705 Thread 0x0000013409673000 Exception <a 'sun/nio/fs/WindowsException'{0x00000000cf8b25c0}> (0x00000000cf8b25c0) thrown at [./src/hotspot/share/prims/jni.cpp, line 616]
Event: 12886.707 Thread 0x0000013409673000 Exception <a 'sun/nio/fs/WindowsException'{0x00000000cf8b7b70}> (0x00000000cf8b7b70) thrown at [./src/hotspot/share/prims/jni.cpp, line 616]
Event: 12886.707 Thread 0x0000013409673000 Exception <a 'sun/nio/fs/WindowsException'{0x00000000cf8c0350}> (0x00000000cf8c0350) thrown at [./src/hotspot/share/prims/jni.cpp, line 616]
Event: 12886.708 Thread 0x0000013409673000 Exception <a 'sun/nio/fs/WindowsException'{0x00000000cf8c4f88}> (0x00000000cf8c4f88) thrown at [./src/hotspot/share/prims/jni.cpp, line 616]
Event: 12888.928 Thread 0x0000013402702000 Exception <a 'sun/nio/fs/WindowsException'{0x00000000cf1c0b18}> (0x00000000cf1c0b18) thrown at [./src/hotspot/share/prims/jni.cpp, line 616]
Event: 12888.929 Thread 0x0000013402702000 Exception <a 'sun/nio/fs/WindowsException'{0x00000000cf1c5b28}> (0x00000000cf1c5b28) thrown at [./src/hotspot/share/prims/jni.cpp, line 616]
Event: 12888.929 Thread 0x0000013402702000 Exception <a 'sun/nio/fs/WindowsException'{0x00000000cf1cc180}> (0x00000000cf1cc180) thrown at [./src/hotspot/share/prims/jni.cpp, line 616]
Event: 12888.929 Thread 0x0000013402702000 Exception <a 'sun/nio/fs/WindowsException'{0x00000000cf1d1010}> (0x00000000cf1d1010) thrown at [./src/hotspot/share/prims/jni.cpp, line 616]
Event: 12889.340 Thread 0x0000013409674800 Exception <a 'java/lang/InterruptedException'{0x00000000ce7ec2d8}> (0x00000000ce7ec2d8) thrown at [./src/hotspot/share/runtime/objectMonitor.cpp, line 1448]
Event: 12889.479 Thread 0x0000013402708800 Exception <a 'java/lang/InterruptedException'{0x00000000cff25cf0}> (0x00000000cff25cf0) thrown at [./src/hotspot/share/runtime/objectMonitor.cpp, line 1448]

Events (20 events):
Event: 12889.478 Thread 0x0000013402708800 Thread added: 0x0000013402708800
Event: 12889.479 Executing VM operation: RevokeBias
Event: 12889.479 Executing VM operation: RevokeBias done
Event: 12889.496 Executing VM operation: RevokeBias
Event: 12889.496 Executing VM operation: RevokeBias done
Event: 12889.496 Executing VM operation: RevokeBias
Event: 12889.497 Executing VM operation: RevokeBias done
Event: 12889.500 Thread 0x000001340270c800 Thread added: 0x000001340270c800
Event: 12889.501 Thread 0x0000013402710000 Thread added: 0x0000013402710000
Event: 12889.536 Executing VM operation: RevokeBias
Event: 12889.536 Executing VM operation: RevokeBias done
Event: 12889.571 Thread 0x000001340270a800 Thread added: 0x000001340270a800
Event: 12889.571 Thread 0x000001340584c800 Thread added: 0x000001340584c800
Event: 12889.571 Thread 0x0000013405851800 Thread added: 0x0000013405851800
Event: 12889.571 Thread 0x000001340584f000 Thread added: 0x000001340584f000
Event: 12889.572 Executing VM operation: RevokeBias
Event: 12889.572 Executing VM operation: RevokeBias done
Event: 12889.572 Executing VM operation: RevokeBias
Event: 12889.572 Executing VM operation: RevokeBias done
Event: 12889.611 Executing VM operation: CGC_Operation


Dynamic libraries:
0x00007ff7fee90000 - 0x00007ff7fef14000 	C:\ST\STM32CubeIDE_1.10.0\STM32CubeIDE\stm32cubeide.exe
0x00007ffe7b9f0000 - 0x00007ffe7bc04000 	C:\WINDOWS\SYSTEM32\ntdll.dll
0x00007ffe79970000 - 0x00007ffe79a32000 	C:\WINDOWS\System32\KERNEL32.DLL
0x00007ffe78e90000 - 0x00007ffe7922c000 	C:\WINDOWS\System32\KERNELBASE.dll
0x00007ffe79d20000 - 0x00007ffe79eca000 	C:\WINDOWS\System32\USER32.dll
0x00007ffe797c0000 - 0x00007ffe797e6000 	C:\WINDOWS\System32\win32u.dll
0x00007ffe7a100000 - 0x00007ffe7a129000 	C:\WINDOWS\System32\GDI32.dll
0x00007ffe796a0000 - 0x00007ffe797b2000 	C:\WINDOWS\System32\gdi32full.dll
0x00007ffe792f0000 - 0x00007ffe7938a000 	C:\WINDOWS\System32\msvcp_win.dll
0x00007ffe79390000 - 0x00007ffe794a1000 	C:\WINDOWS\System32\ucrtbase.dll
0x00007ffe59590000 - 0x00007ffe5981e000 	C:\WINDOWS\WinSxS\amd64_microsoft.windows.common-controls_6595b64144ccf1df_6.0.22621.608_none_a9444ca7c10bb01d\COMCTL32.dll
0x00007ffe79b00000 - 0x00007ffe79ba7000 	C:\WINDOWS\System32\msvcrt.dll
0x00007ffe79c10000 - 0x00007ffe79c41000 	C:\WINDOWS\System32\IMM32.DLL
0x00007ffe65bb0000 - 0x00007ffe65bee000 	C:\ST\STM32CubeIDE_1.10.0\STM32CubeIDE\plugins\org.eclipse.equinox.launcher.win32.win32.x86_64_1.2.400.v20211117-0650\eclipse_11602.dll
0x00007ffe79a50000 - 0x00007ffe79afe000 	C:\WINDOWS\System32\ADVAPI32.dll
0x00007ffe79c70000 - 0x00007ffe79d14000 	C:\WINDOWS\System32\sechost.dll
0x00007ffe7a130000 - 0x00007ffe7a245000 	C:\WINDOWS\System32\RPCRT4.dll
0x00007ffe7aae0000 - 0x00007ffe7ac7c000 	C:\WINDOWS\System32\ole32.dll
0x00007ffe7a2d0000 - 0x00007ffe7a659000 	C:\WINDOWS\System32\combase.dll
0x00007ffe727b0000 - 0x00007ffe727ba000 	C:\WINDOWS\SYSTEM32\VERSION.dll
0x00007ffe27470000 - 0x00007ffe27ff1000 	C:\ST\STM32CubeIDE_1.10.0\STM32CubeIDE\plugins\com.st.stm32cube.ide.jre.win64_2.2.0.202203101208\jre\bin\server\jvm.dll
0x00007ffe79a40000 - 0x00007ffe79a48000 	C:\WINDOWS\System32\PSAPI.DLL
0x00007ffe73290000 - 0x00007ffe73299000 	C:\WINDOWS\SYSTEM32\WSOCK32.dll
0x00007ffe7a250000 - 0x00007ffe7a2c1000 	C:\WINDOWS\System32\WS2_32.dll
0x00007ffe73690000 - 0x00007ffe736c4000 	C:\WINDOWS\SYSTEM32\WINMM.dll
0x00007ffe679e0000 - 0x00007ffe679fa000 	C:\WINDOWS\SYSTEM32\VCRUNTIME140.dll
0x00007ffe73180000 - 0x00007ffe73190000 	C:\ST\STM32CubeIDE_1.10.0\STM32CubeIDE\plugins\com.st.stm32cube.ide.jre.win64_2.2.0.202203101208\jre\bin\verify.dll
0x00007ffe6ecc0000 - 0x00007ffe6eeee000 	C:\WINDOWS\SYSTEM32\DBGHELP.DLL
0x00007ffe7b850000 - 0x00007ffe7b927000 	C:\WINDOWS\System32\OLEAUT32.dll
0x00007ffe6acc0000 - 0x00007ffe6acf2000 	C:\WINDOWS\SYSTEM32\dbgcore.DLL
0x00007ffe79620000 - 0x00007ffe7969b000 	C:\WINDOWS\System32\bcryptPrimitives.dll
0x00007ffe6eef0000 - 0x00007ffe6ef18000 	C:\ST\STM32CubeIDE_1.10.0\STM32CubeIDE\plugins\com.st.stm32cube.ide.jre.win64_2.2.0.202203101208\jre\bin\java.dll
0x00007ffe72870000 - 0x00007ffe7287a000 	C:\ST\STM32CubeIDE_1.10.0\STM32CubeIDE\plugins\com.st.stm32cube.ide.jre.win64_2.2.0.202203101208\jre\bin\jimage.dll
0x00007ffe6a660000 - 0x00007ffe6a678000 	C:\ST\STM32CubeIDE_1.10.0\STM32CubeIDE\plugins\com.st.stm32cube.ide.jre.win64_2.2.0.202203101208\jre\bin\zip.dll
0x00007ffe77e10000 - 0x00007ffe77e28000 	C:\WINDOWS\SYSTEM32\kernel.appcore.dll
0x00007ffe7ae50000 - 0x00007ffe7b62e000 	C:\WINDOWS\System32\SHELL32.dll
0x00007ffe76e30000 - 0x00007ffe776e7000 	C:\WINDOWS\SYSTEM32\windows.storage.dll
0x00007ffe76cf0000 - 0x00007ffe76e2d000 	C:\WINDOWS\SYSTEM32\wintypes.dll
0x00007ffe79870000 - 0x00007ffe79961000 	C:\WINDOWS\System32\SHCORE.dll
0x00007ffe7a090000 - 0x00007ffe7a0ee000 	C:\WINDOWS\System32\shlwapi.dll
0x00007ffe78d50000 - 0x00007ffe78d71000 	C:\WINDOWS\SYSTEM32\profapi.dll
0x00007ffe73cc0000 - 0x00007ffe73cd9000 	C:\ST\STM32CubeIDE_1.10.0\STM32CubeIDE\plugins\com.st.stm32cube.ide.jre.win64_2.2.0.202203101208\jre\bin\net.dll
0x00007ffe71e60000 - 0x00007ffe71f8f000 	C:\WINDOWS\SYSTEM32\WINHTTP.dll
0x00007ffe782c0000 - 0x00007ffe78329000 	C:\WINDOWS\system32\mswsock.dll
0x00007ffe732c0000 - 0x00007ffe732d3000 	C:\ST\STM32CubeIDE_1.10.0\STM32CubeIDE\plugins\com.st.stm32cube.ide.jre.win64_2.2.0.202203101208\jre\bin\nio.dll
0x00007ffe76450000 - 0x00007ffe764fb000 	C:\WINDOWS\system32\uxtheme.dll
0x00007ffe7b630000 - 0x00007ffe7b74e000 	C:\WINDOWS\System32\MSCTF.dll
0x00007ffe79f40000 - 0x00007ffe79ff7000 	C:\WINDOWS\System32\clbcatq.dll
0x00007ffe5f5a0000 - 0x00007ffe5f6cd000 	C:\WINDOWS\SYSTEM32\textinputframework.dll
0x00007ffe75f90000 - 0x00007ffe760c3000 	C:\WINDOWS\SYSTEM32\CoreMessaging.dll
0x00007ffe71af0000 - 0x00007ffe71e5c000 	C:\WINDOWS\SYSTEM32\CoreUIComponents.dll
0x00007ffe784f0000 - 0x00007ffe784fc000 	C:\WINDOWS\SYSTEM32\CRYPTBASE.DLL
0x00007ffe78500000 - 0x00007ffe7851b000 	C:\WINDOWS\SYSTEM32\CRYPTSP.dll
0x00007ffe77dd0000 - 0x00007ffe77e05000 	C:\WINDOWS\system32\rsaenh.dll
0x00007ffe78380000 - 0x00007ffe783a8000 	C:\WINDOWS\SYSTEM32\USERENV.dll
0x00007ffe78700000 - 0x00007ffe78728000 	C:\WINDOWS\SYSTEM32\bcrypt.dll
0x00007ffe77940000 - 0x00007ffe7796d000 	C:\WINDOWS\SYSTEM32\IPHLPAPI.DLL
0x00007ffe7a0f0000 - 0x00007ffe7a0f9000 	C:\WINDOWS\System32\NSI.dll
0x00007ffe719a0000 - 0x00007ffe719b9000 	C:\WINDOWS\SYSTEM32\dhcpcsvc6.DLL
0x00007ffe71980000 - 0x00007ffe7199f000 	C:\WINDOWS\SYSTEM32\dhcpcsvc.DLL
0x00007ffe779b0000 - 0x00007ffe77aa2000 	C:\WINDOWS\SYSTEM32\DNSAPI.dll
0x00007ffe5a710000 - 0x00007ffe5a7ce000 	C:\ST\STM32CubeIDE_1.10.0\STM32CubeIDE\configuration\org.eclipse.osgi\354\0\.cp\swt-win32-4950r5.dll
0x00007ffe7b750000 - 0x00007ffe7b846000 	C:\WINDOWS\System32\COMDLG32.dll
0x00007ffe59e00000 - 0x00007ffe59e69000 	C:\WINDOWS\SYSTEM32\OLEACC.dll
0x00007ffe731d0000 - 0x00007ffe731e9000 	C:\WINDOWS\SYSTEM32\USP10.dll
0x00007ffe56d50000 - 0x00007ffe56dea000 	C:\WINDOWS\SYSTEM32\WINSPOOL.DRV
0x00007ffe5d070000 - 0x00007ffe5d564000 	C:\WINDOWS\SYSTEM32\WININET.dll
0x00007ffe745d0000 - 0x00007ffe746d0000 	C:\WINDOWS\SYSTEM32\PROPSYS.dll
0x00007ffe67f20000 - 0x00007ffe6810f000 	C:\WINDOWS\SYSTEM32\urlmon.dll
0x00007ffe61310000 - 0x00007ffe61317000 	C:\WINDOWS\SYSTEM32\MSIMG32.dll
0x00007ffe76790000 - 0x00007ffe767bb000 	C:\WINDOWS\SYSTEM32\dwmapi.dll
0x00007ffe65d00000 - 0x00007ffe65fb1000 	C:\WINDOWS\SYSTEM32\iertutil.dll
0x00007ffe64bf0000 - 0x00007ffe64c18000 	C:\WINDOWS\SYSTEM32\srvcli.dll
0x00007ffe77930000 - 0x00007ffe7793c000 	C:\WINDOWS\SYSTEM32\netutils.dll
0x00007ffe6a4d0000 - 0x00007ffe6a4f8000 	C:\ST\STM32CubeIDE_1.10.0\STM32CubeIDE\configuration\org.eclipse.osgi\354\0\.cp\swt-gdip-win32-4950r5.dll
0x00007ffe51f20000 - 0x00007ffe520d9000 	C:\WINDOWS\WinSxS\amd64_microsoft.windows.gdiplus_6595b64144ccf1df_1.1.22621.674_none_da2b3d691ba1c6c6\gdiplus.dll
0x00007ffe748e0000 - 0x00007ffe74a90000 	C:\WINDOWS\SYSTEM32\WindowsCodecs.dll
0x00007ffe3f6e0000 - 0x00007ffe3f879000 	C:\ST\STM32CubeIDE_1.10.0\STM32CubeIDE\plugins\com.st.stm32cube.ide.jre.win64_2.2.0.202203101208\jre\bin\awt.dll
0x00007ffe67940000 - 0x00007ffe679cd000 	C:\WINDOWS\SYSTEM32\MSVCP140.dll
0x00007ffe679d0000 - 0x00007ffe679dc000 	C:\WINDOWS\SYSTEM32\VCRUNTIME140_1.dll
0x00007ffe76290000 - 0x00007ffe76327000 	C:\WINDOWS\SYSTEM32\apphelp.dll
0x00007ffe64730000 - 0x00007ffe647b6000 	C:\ST\STM32CubeIDE_1.10.0\STM32CubeIDE\plugins\com.st.stm32cube.ide.jre.win64_2.2.0.202203101208\jre\bin\freetype.dll
0x00007ffe60d90000 - 0x00007ffe60e36000 	C:\ST\STM32CubeIDE_1.10.0\STM32CubeIDE\plugins\com.st.stm32cube.ide.jre.win64_2.2.0.202203101208\jre\bin\fontmanager.dll
0x00007ffe65420000 - 0x00007ffe654d0000 	C:\WINDOWS\SYSTEM32\TextShaping.dll
0x0000000180000000 - 0x0000000180012000 	C:\ST\STM32CubeIDE_1.10.0\STM32CubeIDE\configuration\org.eclipse.osgi\213\0\.cp\os\win32\x86_64\localfile_1_0_0.dll
0x00007ffe731b0000 - 0x00007ffe731c1000 	C:\ST\STM32CubeIDE_1.10.0\STM32CubeIDE\configuration\org.eclipse.osgi\216\0\.cp\jWinHttp-1.0.0.dll
0x00007ffe59c70000 - 0x00007ffe59cce000 	C:\WINDOWS\system32\dataexchange.dll
0x00007ffe700e0000 - 0x00007ffe7034a000 	C:\WINDOWS\system32\twinapi.appcore.dll
0x00007ffe58260000 - 0x00007ffe584f0000 	C:\WINDOWS\system32\explorerframe.dll
0x00007ffe74e80000 - 0x00007ffe750e7000 	C:\WINDOWS\SYSTEM32\DWrite.dll
0x00007ffe73450000 - 0x00007ffe73459000 	C:\ST\STM32CubeIDE_1.10.0\STM32CubeIDE\plugins\com.st.stm32cube.ide.jre.win64_2.2.0.202203101208\jre\bin\prefs.dll
0x00007ffe72360000 - 0x00007ffe7236e000 	C:\ST\STM32CubeIDE_1.10.0\STM32CubeIDE\plugins\com.st.stm32cube.ide.jre.win64_2.2.0.202203101208\jre\bin\sunmscapi.dll
0x00007ffe794b0000 - 0x00007ffe79616000 	C:\WINDOWS\System32\CRYPT32.dll
0x00007ffe786d0000 - 0x00007ffe786fd000 	C:\WINDOWS\SYSTEM32\ncrypt.dll
0x00007ffe78690000 - 0x00007ffe786c7000 	C:\WINDOWS\SYSTEM32\NTASN1.dll
0x00007ffe69fc0000 - 0x00007ffe69fe5000 	C:\ST\STM32CubeIDE_1.10.0\STM32CubeIDE\plugins\com.st.stm32cube.ide.jre.win64_2.2.0.202203101208\jre\bin\sunec.dll
0x00007ffe78580000 - 0x00007ffe78592000 	C:\WINDOWS\SYSTEM32\MSASN1.dll
0x00007ffe78350000 - 0x00007ffe78376000 	C:\WINDOWS\SYSTEM32\gpapi.dll
0x00007ffe69af0000 - 0x00007ffe69afa000 	C:\Windows\System32\rasadhlp.dll
0x00007ffe70750000 - 0x00007ffe707d3000 	C:\WINDOWS\System32\fwpuclnt.dll
0x00007ffe70c50000 - 0x00007ffe70c59000 	C:\ST\STM32CubeIDE_1.10.0\STM32CubeIDE\plugins\com.st.stm32cube.ide.jre.win64_2.2.0.202203101208\jre\bin\management.dll
0x00007ffe6ef70000 - 0x00007ffe6ef7b000 	C:\ST\STM32CubeIDE_1.10.0\STM32CubeIDE\plugins\com.st.stm32cube.ide.jre.win64_2.2.0.202203101208\jre\bin\management_ext.dll
0x00007ffe3ddc0000 - 0x00007ffe3ddd7000 	C:\WINDOWS\system32\napinsp.dll
0x00007ffe3dda0000 - 0x00007ffe3ddbb000 	C:\WINDOWS\system32\pnrpnsp.dll
0x00007ffe3dd80000 - 0x00007ffe3dd91000 	C:\WINDOWS\System32\winrnr.dll
0x00007ffe71ab0000 - 0x00007ffe71ac5000 	C:\WINDOWS\system32\wshbth.dll
0x00007ffe3dd50000 - 0x00007ffe3dd71000 	C:\WINDOWS\system32\nlansp_c.dll
0x00007ffe54ce0000 - 0x00007ffe54d08000 	C:\WINDOWS\SYSTEM32\edputil.dll
0x00007ffe6ef60000 - 0x00007ffe6ef67000 	C:\ST\STM32CubeIDE_1.10.0\STM32CubeIDE\plugins\com.st.stm32cube.ide.jre.win64_2.2.0.202203101208\jre\bin\rmi.dll
0x00007ffe639a0000 - 0x00007ffe639e4000 	C:\Users\lvcuo\AppData\Local\Temp\jna-103354483\jna9962947099568489455.dll
0x000000005c0c0000 - 0x000000005c114000 	C:\ST\STM32CubeIDE_1.10.0\STM32CubeIDE\plugins\org.eclipse.cdt.core.win32.x86_64_6.0.502.202205170638\os\win32\x86_64\spawner.dll
0x000000005c050000 - 0x000000005c0b3000 	C:\ST\STM32CubeIDE_1.10.0\STM32CubeIDE\configuration\org.eclipse.osgi\197\0\.cp\os\win32\x86_64\serial.dll
0x00007ffe625f0000 - 0x00007ffe626f0000 	C:\WINDOWS\system32\opengl32.dll
0x00007ffe65900000 - 0x00007ffe6592d000 	C:\WINDOWS\SYSTEM32\GLU32.dll
0x00007ffe76550000 - 0x00007ffe76586000 	C:\WINDOWS\SYSTEM32\dxcore.dll
0x00007ffe53e00000 - 0x00007ffe53e42000 	C:\WINDOWS\system32\mlang.dll
0x00007ffe51310000 - 0x00007ffe51751000 	C:\Windows\System32\uiautomationcore.dll

dbghelp: loaded successfully - version: 4.0.5 - missing functions: none
symbol engine: initialized successfully - sym options: 0x614 - pdb path: .;C:\ST\STM32CubeIDE_1.10.0\STM32CubeIDE;C:\WINDOWS\SYSTEM32;C:\WINDOWS\WinSxS\amd64_microsoft.windows.common-controls_6595b64144ccf1df_6.0.22621.608_none_a9444ca7c10bb01d;C:\ST\STM32CubeIDE_1.10.0\STM32CubeIDE\plugins\org.eclipse.equinox.launcher.win32.win32.x86_64_1.2.400.v20211117-0650;C:\ST\STM32CubeIDE_1.10.0\STM32CubeIDE\plugins\com.st.stm32cube.ide.jre.win64_2.2.0.202203101208\jre\bin\server;C:\ST\STM32CubeIDE_1.10.0\STM32CubeIDE\plugins\com.st.stm32cube.ide.jre.win64_2.2.0.202203101208\jre\bin;C:\ST\STM32CubeIDE_1.10.0\STM32CubeIDE\configuration\org.eclipse.osgi\354\0\.cp;C:\WINDOWS\WinSxS\amd64_microsoft.windows.gdiplus_6595b64144ccf1df_1.1.22621.674_none_da2b3d691ba1c6c6;C:\ST\STM32CubeIDE_1.10.0\STM32CubeIDE\configuration\org.eclipse.osgi\213\0\.cp\os\win32\x86_64;C:\ST\STM32CubeIDE_1.10.0\STM32CubeIDE\configuration\org.eclipse.osgi\216\0\.cp;C:\Users\lvcuo\AppData\Local\Temp\jna-103354483;C:\ST\STM32CubeIDE_1.10.0\STM32CubeIDE\plugins\org.eclipse.cdt.core.win32.x86_64_6.0.502.202205170638\os\win32\x86_64;C:\ST\STM32CubeIDE_1.10.0\STM32CubeIDE\configuration\org.eclipse.osgi\197\0\.cp\os\win32\x86_64

VM Arguments:
jvm_args: -Dosgi.requiredJavaVersion=1.8 -Dosgi.instance.area.default=@user.home/STM32CubeIDE/workspace_1.10.0 -Declipse.buildId=Version 1.10.0 -DproductMaturityGrade=mm -XX:+UseG1GC -XX:+UseStringDeduplication -Xms256m -Xmx1024m -Djavax.net.ssl.trustStoreType=WINDOWS-ROOT 
java_command: <unknown>
java_class_path (initial): C:\ST\STM32CubeIDE_1.10.0\STM32CubeIDE\\plugins/org.eclipse.equinox.launcher_1.6.400.v20210924-0641.jar
Launcher Type: generic

[Global flags]
     intx CICompilerCount                          = 4                                         {product} {ergonomic}
     uint ConcGCThreads                            = 2                                         {product} {ergonomic}
     uint G1ConcRefinementThreads                  = 8                                         {product} {ergonomic}
   size_t G1HeapRegionSize                         = 1048576                                   {product} {ergonomic}
    uintx GCDrainStackTargetSize                   = 64                                        {product} {ergonomic}
   size_t InitialHeapSize                          = 268435456                                 {product} {command line}
   size_t MarkStackSize                            = 4194304                                   {product} {ergonomic}
   size_t MaxHeapSize                              = 1073741824                                {product} {command line}
   size_t MaxNewSize                               = 643825664                                 {product} {ergonomic}
   size_t MinHeapDeltaBytes                        = 1048576                                   {product} {ergonomic}
    uintx NonNMethodCodeHeapSize                   = 5836300                                {pd product} {ergonomic}
    uintx NonProfiledCodeHeapSize                  = 122910970                              {pd product} {ergonomic}
    uintx ProfiledCodeHeapSize                     = 122910970                              {pd product} {ergonomic}
    uintx ReservedCodeCacheSize                    = 251658240                              {pd product} {ergonomic}
     bool SegmentedCodeCache                       = true                                      {product} {ergonomic}
     bool UseCompressedClassPointers               = true                                 {lp64_product} {ergonomic}
     bool UseCompressedOops                        = true                                 {lp64_product} {ergonomic}
     bool UseG1GC                                  = true                                      {product} {command line}
     bool UseLargePagesIndividualAllocation        = false                                  {pd product} {ergonomic}
     bool UseStringDeduplication                   = true                                      {product} {command line}

Logging:
Log output configuration:
 #0: stdout all=warning uptime,level,tags
 #1: stderr all=off uptime,level,tags

Environment Variables:
CLASSPATH=C:\Program Files (x86)\SAP\SAP Business One DI API\JCO\LIB\sbowrapper.jar;C:\Program Files (x86)\SAP\SAP Business One DI API\JCO\LIB\sboapi.jar
PATH=C:\Program Files (x86)\Common Files\Oracle\Java\javapath;C:\WINDOWS\system32;C:\WINDOWS;C:\WINDOWS\System32\Wbem;C:\WINDOWS\System32\WindowsPowerShell\v1.0\;C:\WINDOWS\System32\OpenSSH\;C:\MinGW\bin;C:\Program Files\Git\cmd;C:\Program Files (x86)\IVI Foundation\VISA\WinNT\Bin\;C:\Program Files\IVI Foundation\VISA\Win64\Bin\;C:\Program Files (x86)\SAP\SAP Business One DI API\JCO\LIB\;C:\Program Files (x86)\SAP\SAP Business One DI API\DI API 90;C:\Program Files (x86)\SAP\SAP Business One\;C:\Program Files (x86)\Microsoft SQL Server\150\DTS\Binn\;C:\Program Files\Azure Data Studio\bin;C:\Program Files (x86)\STMicroelectronics\STM32 ST-LINK Utility\ST-LINK Utility;C:\Users\lvcuo\AppData\Local\Microsoft\WindowsApps;;C:\Users\lvcuo\AppData\Local\Programs\Microsoft VS Code\bin;C:\Program Files\Azure Data Studio\bin
USERNAME=lvcuo
OS=Windows_NT
PROCESSOR_IDENTIFIER=Intel64 Family 6 Model 142 Stepping 10, GenuineIntel



---------------  S Y S T E M  ---------------

OS: Windows 11 , 64 bit Build 22621 (10.0.22621.608)
OS uptime: 2 days 2:14 hours
Hyper-V role detected

CPU:total 8 (initial active 8) (4 cores per cpu, 2 threads per core) family 6 model 142 stepping 10 microcode 0xe0, cmov, cx8, fxsr, mmx, sse, sse2, sse3, ssse3, sse4.1, sse4.2, popcnt, avx, avx2, aes, clmul, erms, 3dnowpref, lzcnt, ht, tsc, tscinvbit, bmi1, bmi2, adx, fma

Memory: 4k page, system-wide physical 8058M (1994M free)
TotalPageFile size 9379M (AvailPageFile size 1546M)
current process WorkingSet (physical memory assigned to process): 617M, peak: 688M
current process commit charge ("private bytes"): 717M, peak: 734M

vm_info: OpenJDK 64-Bit Server VM (11.0.14.1+1) for windows-amd64 JRE (11.0.14.1+1), built on Feb  9 2022 01:48:27 by "" with unknown MS VC++:1916

END.
